{"/Users/xiaolin/IdeaProjects/MANAGE/src/App.vue": {"path":"/Users/xiaolin/IdeaProjects/MANAGE/src/App.vue","statementMap":{"0":{"start":{"line":12,"column":0},"end":{"line":null,"column":-1}},"1":{"start":{"line":17,"column":0},"end":{"line":null,"column":-1}},"2":{"start":{"line":22,"column":0},"end":{"line":null,"column":-1}},"3":{"start":{"line":23,"column":0},"end":{"line":null,"column":-1}},"4":{"start":{"line":24,"column":0},"end":{"line":26,"column":0}},"5":{"start":{"line":25,"column":0},"end":{"line":null,"column":-1}}},"fnMap":{"0":{"name":"provide","decl":{"start":{"line":11,"column":0},"end":{"line":null,"column":-1}},"loc":{"start":{"line":11,"column":0},"end":{"line":15,"column":0}}},"1":{"name":"data","decl":{"start":{"line":16,"column":0},"end":{"line":null,"column":-1}},"loc":{"start":{"line":16,"column":0},"end":{"line":20,"column":0}}},"2":{"name":"reload","decl":{"start":{"line":22,"column":0},"end":{"line":null,"column":-1}},"loc":{"start":{"line":22,"column":0},"end":{"line":27,"column":0}}},"3":{"name":"(anonymous_4)","decl":{"start":{"line":24,"column":0},"end":{"line":null,"column":-1}},"loc":{"start":{"line":24,"column":0},"end":{"line":26,"column":0}}}},"branchMap":{},"s":{"0":0,"1":0,"2":0,"3":0,"4":0,"5":0},"f":{"0":0,"1":0,"2":0,"3":0},"b":{}}
,"/Users/xiaolin/IdeaProjects/MANAGE/src/api/global_variable.js": {"path":"/Users/xiaolin/IdeaProjects/MANAGE/src/api/global_variable.js","statementMap":{"0":{"start":{"line":1,"column":12},"end":{"line":1,"column":0}},"1":{"start":{"line":2,"column":12},"end":{"line":2,"column":0}},"2":{"start":{"line":3,"column":12},"end":{"line":3,"column":0}},"3":{"start":{"line":4,"column":13},"end":{"line":4,"column":0}},"4":{"start":{"line":5,"column":11},"end":{"line":5,"column":0}},"5":{"start":{"line":6,"column":12},"end":{"line":6,"column":0}},"6":{"start":{"line":7,"column":16},"end":{"line":7,"column":0}},"7":{"start":{"line":8,"column":15},"end":{"line":8,"column":0}},"8":{"start":{"line":9,"column":11},"end":{"line":9,"column":0}},"9":{"start":{"line":10,"column":12},"end":{"line":10,"column":0}}},"fnMap":{},"branchMap":{},"s":{"0":0,"1":0,"2":0,"3":0,"4":0,"5":0,"6":0,"7":0,"8":0,"9":0},"f":{},"b":{}}
,"/Users/xiaolin/IdeaProjects/MANAGE/src/components/js/beforeEnter.js": {"path":"/Users/xiaolin/IdeaProjects/MANAGE/src/components/js/beforeEnter.js","statementMap":{"0":{"start":{"line":1,"column":0},"end":{"line":3,"column":6}},"1":{"start":{"line":4,"column":10},"end":{"line":4,"column":2}},"2":{"start":{"line":5,"column":2},"end":{"line":34,"column":3}},"3":{"start":{"line":6,"column":4},"end":{"line":null,"column":-1}},"4":{"start":{"line":7,"column":4},"end":{"line":null,"column":-1}},"5":{"start":{"line":8,"column":4},"end":{"line":31,"column":5}},"6":{"start":{"line":9,"column":6},"end":{"line":null,"column":-1}},"7":{"start":{"line":11,"column":22},"end":{"line":11,"column":6}},"8":{"start":{"line":12,"column":17},"end":{"line":12,"column":6}},"9":{"start":{"line":13,"column":6},"end":{"line":null,"column":-1}},"10":{"start":{"line":14,"column":6},"end":{"line":null,"column":-1}},"11":{"start":{"line":15,"column":18},"end":{"line":15,"column":6}},"12":{"start":{"line":19,"column":6},"end":{"line":null,"column":-1}},"13":{"start":{"line":20,"column":8},"end":{"line":null,"column":-1}},"14":{"start":{"line":21,"column":8},"end":{"line":27,"column":9}},"15":{"start":{"line":22,"column":10},"end":{"line":26,"column":11}},"16":{"start":{"line":23,"column":12},"end":{"line":null,"column":-1}},"17":{"start":{"line":25,"column":12},"end":{"line":null,"column":-1}},"18":{"start":{"line":29,"column":8},"end":{"line":null,"column":-1}},"19":{"start":{"line":33,"column":4},"end":{"line":null,"column":-1}},"20":{"start":{"line":37,"column":11},"end":{"line":37,"column":0}},"21":{"start":{"line":39,"column":39},"end":{"line":39,"column":38}},"22":{"start":{"line":39,"column":39},"end":{"line":null,"column":-1}},"23":{"start":{"line":40,"column":15},"end":{"line":40,"column":2}},"24":{"start":{"line":41,"column":2},"end":{"line":52,"column":3}},"25":{"start":{"line":42,"column":4},"end":{"line":51,"column":5}},"26":{"start":{"line":43,"column":16},"end":{"line":43,"column":6}},"27":{"start":{"line":44,"column":18},"end":{"line":44,"column":6}},"28":{"start":{"line":45,"column":6},"end":{"line":null,"column":-1}},"29":{"start":{"line":46,"column":6},"end":{"line":49,"column":7}},"30":{"start":{"line":47,"column":8},"end":{"line":null,"column":-1}},"31":{"start":{"line":48,"column":8},"end":{"line":null,"column":-1}},"32":{"start":{"line":50,"column":6},"end":{"line":null,"column":-1}}},"fnMap":{"0":{"name":"beforeEnter","decl":{"start":{"line":3,"column":16},"end":{"line":3,"column":7}},"loc":{"start":{"line":3,"column":45},"end":{"line":35,"column":1}}},"1":{"name":"(anonymous_1)","decl":{"start":{"line":19,"column":44},"end":{"line":19,"column":44}},"loc":{"start":{"line":19,"column":58},"end":{"line":19,"column":6}}},"2":{"name":"(anonymous_2)","decl":{"start":{"line":28,"column":9},"end":{"line":28,"column":15}},"loc":{"start":{"line":28,"column":16},"end":{"line":19,"column":6}}},"3":{"name":"getData","decl":{"start":{"line":39,"column":9},"end":{"line":39,"column":0}},"loc":{"start":{"line":39,"column":39},"end":{"line":53,"column":1}}}},"branchMap":{"0":{"loc":{"start":{"line":5,"column":2},"end":{"line":34,"column":3}},"type":"if","locations":[{"start":{"line":5,"column":2},"end":{"line":34,"column":3}},{"start":{"line":5,"column":2},"end":{"line":34,"column":3}}]},"1":{"loc":{"start":{"line":5,"column":6},"end":{"line":5,"column":5}},"type":"binary-expr","locations":[{"start":{"line":5,"column":6},"end":{"line":5,"column":5}},{"start":{"line":5,"column":20},"end":{"line":5,"column":2}}]},"2":{"loc":{"start":{"line":8,"column":4},"end":{"line":31,"column":5}},"type":"if","locations":[{"start":{"line":8,"column":4},"end":{"line":31,"column":5}},{"start":{"line":8,"column":4},"end":{"line":31,"column":5}}]},"3":{"loc":{"start":{"line":8,"column":8},"end":{"line":8,"column":7}},"type":"binary-expr","locations":[{"start":{"line":8,"column":8},"end":{"line":8,"column":7}},{"start":{"line":8,"column":32},"end":{"line":8,"column":4}}]},"4":{"loc":{"start":{"line":12,"column":38},"end":{"line":12,"column":17}},"type":"cond-expr","locations":[{"start":{"line":12,"column":38},"end":{"line":12,"column":17}},{"start":{"line":12,"column":59},"end":{"line":12,"column":6}}]},"5":{"loc":{"start":{"line":21,"column":8},"end":{"line":27,"column":9}},"type":"if","locations":[{"start":{"line":21,"column":8},"end":{"line":27,"column":9}},{"start":{"line":21,"column":8},"end":{"line":27,"column":9}}]},"6":{"loc":{"start":{"line":22,"column":10},"end":{"line":26,"column":11}},"type":"if","locations":[{"start":{"line":22,"column":10},"end":{"line":26,"column":11}},{"start":{"line":22,"column":10},"end":{"line":26,"column":11}}]},"7":{"loc":{"start":{"line":39,"column":39},"end":{"line":39,"column":24}},"type":"cond-expr","locations":[{"start":{"line":39,"column":39},"end":{"line":39,"column":24}},{"start":{"line":39,"column":25},"end":{"line":39,"column":39}}]},"8":{"loc":{"start":{"line":39,"column":39},"end":{"line":39,"column":24}},"type":"binary-expr","locations":[{"start":{"line":39,"column":39},"end":{"line":39,"column":24}},{"start":{"line":39,"column":39},"end":{"line":39,"column":24}}]},"9":{"loc":{"start":{"line":41,"column":2},"end":{"line":52,"column":3}},"type":"if","locations":[{"start":{"line":41,"column":2},"end":{"line":52,"column":3}},{"start":{"line":41,"column":2},"end":{"line":52,"column":3}}]},"10":{"loc":{"start":{"line":41,"column":6},"end":{"line":41,"column":5}},"type":"binary-expr","locations":[{"start":{"line":41,"column":6},"end":{"line":41,"column":5}},{"start":{"line":41,"column":16},"end":{"line":41,"column":2}}]},"11":{"loc":{"start":{"line":46,"column":6},"end":{"line":49,"column":7}},"type":"if","locations":[{"start":{"line":46,"column":6},"end":{"line":49,"column":7}},{"start":{"line":46,"column":6},"end":{"line":49,"column":7}}]}},"s":{"0":0,"1":0,"2":0,"3":0,"4":0,"5":0,"6":0,"7":0,"8":0,"9":0,"10":0,"11":0,"12":0,"13":0,"14":0,"15":0,"16":0,"17":0,"18":0,"19":0,"20":0,"21":0,"22":0,"23":0,"24":0,"25":0,"26":0,"27":0,"28":0,"29":0,"30":0,"31":0,"32":0},"f":{"0":0,"1":0,"2":0,"3":0},"b":{"0":[0,0],"1":[0,0],"2":[0,0],"3":[0,0],"4":[0,0],"5":[0,0],"6":[0,0],"7":[0,0],"8":[0,0],"9":[0,0],"10":[0,0],"11":[0,0]}}
,"/Users/xiaolin/IdeaProjects/MANAGE/src/components/js/http.js": {"path":"/Users/xiaolin/IdeaProjects/MANAGE/src/components/js/http.js","statementMap":{"0":{"start":{"line":1,"column":0},"end":{"line":null,"column":-1}},"1":{"start":{"line":3,"column":0},"end":{"line":5,"column":7}},"2":{"start":{"line":6,"column":15},"end":{"line":6,"column":2}},"3":{"start":{"line":7,"column":2},"end":{"line":null,"column":-1}},"4":{"start":{"line":8,"column":2},"end":{"line":null,"column":-1}},"5":{"start":{"line":9,"column":13},"end":{"line":9,"column":2}},"6":{"start":{"line":10,"column":2},"end":{"line":null,"column":-1}},"7":{"start":{"line":11,"column":17},"end":{"line":11,"column":2}},"8":{"start":{"line":16,"column":2},"end":{"line":null,"column":-1}},"9":{"start":{"line":17,"column":4},"end":{"line":null,"column":-1}},"10":{"start":{"line":20,"column":6},"end":{"line":null,"column":-1}},"11":{"start":{"line":22,"column":6},"end":{"line":null,"column":-1}}},"fnMap":{"0":{"name":"post","decl":{"start":{"line":5,"column":16},"end":{"line":5,"column":7}},"loc":{"start":{"line":5,"column":56},"end":{"line":25,"column":1}}},"1":{"name":"(anonymous_2)","decl":{"start":{"line":16,"column":21},"end":{"line":16,"column":21}},"loc":{"start":{"line":16,"column":42},"end":{"line":16,"column":9}}},"2":{"name":"(anonymous_3)","decl":{"start":{"line":19,"column":12},"end":{"line":19,"column":23}},"loc":{"start":{"line":19,"column":24},"end":{"line":17,"column":4}}},"3":{"name":"(anonymous_4)","decl":{"start":{"line":21,"column":7},"end":{"line":21,"column":13}},"loc":{"start":{"line":21,"column":14},"end":{"line":17,"column":4}}}},"branchMap":{},"s":{"0":0,"1":0,"2":0,"3":0,"4":0,"5":0,"6":0,"7":0,"8":0,"9":0,"10":0,"11":0},"f":{"0":0,"1":0,"2":0,"3":0},"b":{}}
,"/Users/xiaolin/IdeaProjects/MANAGE/src/components/js/http2.js": {"path":"/Users/xiaolin/IdeaProjects/MANAGE/src/components/js/http2.js","statementMap":{"0":{"start":{"line":1,"column":0},"end":{"line":null,"column":-1}},"1":{"start":{"line":4,"column":15},"end":{"line":4,"column":2}},"2":{"start":{"line":5,"column":2},"end":{"line":null,"column":-1}},"3":{"start":{"line":6,"column":2},"end":{"line":null,"column":-1}},"4":{"start":{"line":7,"column":13},"end":{"line":7,"column":2}},"5":{"start":{"line":8,"column":2},"end":{"line":null,"column":-1}},"6":{"start":{"line":9,"column":17},"end":{"line":9,"column":2}},"7":{"start":{"line":14,"column":2},"end":{"line":null,"column":-1}},"8":{"start":{"line":22,"column":6},"end":{"line":null,"column":-1}},"9":{"start":{"line":25,"column":6},"end":{"line":null,"column":-1}},"10":{"start":{"line":26,"column":6},"end":{"line":null,"column":-1}},"11":{"start":{"line":29,"column":6},"end":{"line":null,"column":-1}},"12":{"start":{"line":30,"column":6},"end":{"line":null,"column":-1}}},"fnMap":{"0":{"name":"syncPost","decl":{"start":{"line":3,"column":16},"end":{"line":3,"column":7}},"loc":{"start":{"line":3,"column":61},"end":{"line":33,"column":1}}},"1":{"name":"beforeSend","decl":{"start":{"line":21,"column":16},"end":{"line":21,"column":25}},"loc":{"start":{"line":21,"column":35},"end":{"line":14,"column":9}}},"2":{"name":"success","decl":{"start":{"line":24,"column":13},"end":{"line":24,"column":22}},"loc":{"start":{"line":24,"column":48},"end":{"line":14,"column":9}}},"3":{"name":"error","decl":{"start":{"line":28,"column":11},"end":{"line":28,"column":20}},"loc":{"start":{"line":28,"column":45},"end":{"line":14,"column":9}}}},"branchMap":{},"s":{"0":0,"1":0,"2":0,"3":0,"4":0,"5":0,"6":0,"7":0,"8":0,"9":0,"10":0,"11":0,"12":0},"f":{"0":0,"1":0,"2":0,"3":0},"b":{}}
,"/Users/xiaolin/IdeaProjects/MANAGE/src/components/js/md5.js": {"path":"/Users/xiaolin/IdeaProjects/MANAGE/src/components/js/md5.js","statementMap":{"0":{"start":{"line":14,"column":14},"end":{"line":14,"column":0}},"1":{"start":{"line":15,"column":13},"end":{"line":15,"column":0}},"2":{"start":{"line":16,"column":12},"end":{"line":16,"column":0}},"3":{"start":{"line":22,"column":29},"end":{"line":22,"column":86}},"4":{"start":{"line":23,"column":29},"end":{"line":23,"column":86}},"5":{"start":{"line":24,"column":29},"end":{"line":24,"column":86}},"6":{"start":{"line":25,"column":41},"end":{"line":25,"column":82}},"7":{"start":{"line":26,"column":41},"end":{"line":26,"column":82}},"8":{"start":{"line":27,"column":41},"end":{"line":27,"column":82}},"9":{"start":{"line":33,"column":2},"end":{"line":34,"column":2}},"10":{"start":{"line":34,"column":2},"end":{"line":35,"column":2}},"11":{"start":{"line":35,"column":2},"end":{"line":36,"column":2}},"12":{"start":{"line":36,"column":2},"end":{"line":37,"column":2}},"13":{"start":{"line":37,"column":2},"end":{"line":38,"column":2}},"14":{"start":{"line":38,"column":2},"end":{"line":39,"column":1}},"15":{"start":{"line":46,"column":2},"end":{"line":null,"column":-1}},"16":{"start":{"line":47,"column":2},"end":{"line":null,"column":-1}},"17":{"start":{"line":49,"column":10},"end":{"line":49,"column":2}},"18":{"start":{"line":50,"column":10},"end":{"line":50,"column":2}},"19":{"start":{"line":51,"column":10},"end":{"line":51,"column":2}},"20":{"start":{"line":52,"column":10},"end":{"line":52,"column":2}},"21":{"start":{"line":54,"column":2},"end":{"line":132,"column":3}},"22":{"start":{"line":55,"column":15},"end":{"line":55,"column":4}},"23":{"start":{"line":56,"column":15},"end":{"line":56,"column":4}},"24":{"start":{"line":57,"column":15},"end":{"line":57,"column":4}},"25":{"start":{"line":58,"column":15},"end":{"line":58,"column":4}},"26":{"start":{"line":60,"column":4},"end":{"line":null,"column":-1}},"27":{"start":{"line":61,"column":4},"end":{"line":null,"column":-1}},"28":{"start":{"line":62,"column":4},"end":{"line":null,"column":-1}},"29":{"start":{"line":63,"column":4},"end":{"line":null,"column":-1}},"30":{"start":{"line":64,"column":4},"end":{"line":null,"column":-1}},"31":{"start":{"line":65,"column":4},"end":{"line":null,"column":-1}},"32":{"start":{"line":66,"column":4},"end":{"line":null,"column":-1}},"33":{"start":{"line":67,"column":4},"end":{"line":null,"column":-1}},"34":{"start":{"line":68,"column":4},"end":{"line":null,"column":-1}},"35":{"start":{"line":69,"column":4},"end":{"line":null,"column":-1}},"36":{"start":{"line":70,"column":4},"end":{"line":null,"column":-1}},"37":{"start":{"line":71,"column":4},"end":{"line":null,"column":-1}},"38":{"start":{"line":72,"column":4},"end":{"line":null,"column":-1}},"39":{"start":{"line":73,"column":4},"end":{"line":null,"column":-1}},"40":{"start":{"line":74,"column":4},"end":{"line":null,"column":-1}},"41":{"start":{"line":75,"column":4},"end":{"line":null,"column":-1}},"42":{"start":{"line":77,"column":4},"end":{"line":null,"column":-1}},"43":{"start":{"line":78,"column":4},"end":{"line":null,"column":-1}},"44":{"start":{"line":79,"column":4},"end":{"line":null,"column":-1}},"45":{"start":{"line":80,"column":4},"end":{"line":null,"column":-1}},"46":{"start":{"line":81,"column":4},"end":{"line":null,"column":-1}},"47":{"start":{"line":82,"column":4},"end":{"line":null,"column":-1}},"48":{"start":{"line":83,"column":4},"end":{"line":null,"column":-1}},"49":{"start":{"line":84,"column":4},"end":{"line":null,"column":-1}},"50":{"start":{"line":85,"column":4},"end":{"line":null,"column":-1}},"51":{"start":{"line":86,"column":4},"end":{"line":null,"column":-1}},"52":{"start":{"line":87,"column":4},"end":{"line":null,"column":-1}},"53":{"start":{"line":88,"column":4},"end":{"line":null,"column":-1}},"54":{"start":{"line":89,"column":4},"end":{"line":null,"column":-1}},"55":{"start":{"line":90,"column":4},"end":{"line":null,"column":-1}},"56":{"start":{"line":91,"column":4},"end":{"line":null,"column":-1}},"57":{"start":{"line":92,"column":4},"end":{"line":null,"column":-1}},"58":{"start":{"line":94,"column":4},"end":{"line":null,"column":-1}},"59":{"start":{"line":95,"column":4},"end":{"line":null,"column":-1}},"60":{"start":{"line":96,"column":4},"end":{"line":null,"column":-1}},"61":{"start":{"line":97,"column":4},"end":{"line":null,"column":-1}},"62":{"start":{"line":98,"column":4},"end":{"line":null,"column":-1}},"63":{"start":{"line":99,"column":4},"end":{"line":null,"column":-1}},"64":{"start":{"line":100,"column":4},"end":{"line":null,"column":-1}},"65":{"start":{"line":101,"column":4},"end":{"line":null,"column":-1}},"66":{"start":{"line":102,"column":4},"end":{"line":null,"column":-1}},"67":{"start":{"line":103,"column":4},"end":{"line":null,"column":-1}},"68":{"start":{"line":104,"column":4},"end":{"line":null,"column":-1}},"69":{"start":{"line":105,"column":4},"end":{"line":null,"column":-1}},"70":{"start":{"line":106,"column":4},"end":{"line":null,"column":-1}},"71":{"start":{"line":107,"column":4},"end":{"line":null,"column":-1}},"72":{"start":{"line":108,"column":4},"end":{"line":null,"column":-1}},"73":{"start":{"line":109,"column":4},"end":{"line":null,"column":-1}},"74":{"start":{"line":111,"column":4},"end":{"line":null,"column":-1}},"75":{"start":{"line":112,"column":4},"end":{"line":null,"column":-1}},"76":{"start":{"line":113,"column":4},"end":{"line":null,"column":-1}},"77":{"start":{"line":114,"column":4},"end":{"line":null,"column":-1}},"78":{"start":{"line":115,"column":4},"end":{"line":null,"column":-1}},"79":{"start":{"line":116,"column":4},"end":{"line":null,"column":-1}},"80":{"start":{"line":117,"column":4},"end":{"line":null,"column":-1}},"81":{"start":{"line":118,"column":4},"end":{"line":null,"column":-1}},"82":{"start":{"line":119,"column":4},"end":{"line":null,"column":-1}},"83":{"start":{"line":120,"column":4},"end":{"line":null,"column":-1}},"84":{"start":{"line":121,"column":4},"end":{"line":null,"column":-1}},"85":{"start":{"line":122,"column":4},"end":{"line":null,"column":-1}},"86":{"start":{"line":123,"column":4},"end":{"line":null,"column":-1}},"87":{"start":{"line":124,"column":4},"end":{"line":null,"column":-1}},"88":{"start":{"line":125,"column":4},"end":{"line":null,"column":-1}},"89":{"start":{"line":126,"column":4},"end":{"line":null,"column":-1}},"90":{"start":{"line":128,"column":4},"end":{"line":null,"column":-1}},"91":{"start":{"line":129,"column":4},"end":{"line":null,"column":-1}},"92":{"start":{"line":130,"column":4},"end":{"line":null,"column":-1}},"93":{"start":{"line":131,"column":4},"end":{"line":null,"column":-1}},"94":{"start":{"line":133,"column":2},"end":{"line":null,"column":-1}},"95":{"start":{"line":140,"column":2},"end":{"line":null,"column":-1}},"96":{"start":{"line":143,"column":2},"end":{"line":null,"column":-1}},"97":{"start":{"line":146,"column":2},"end":{"line":null,"column":-1}},"98":{"start":{"line":149,"column":2},"end":{"line":null,"column":-1}},"99":{"start":{"line":152,"column":2},"end":{"line":null,"column":-1}},"100":{"start":{"line":159,"column":2},"end":{"line":159,"column":38}},"101":{"start":{"line":159,"column":27},"end":{"line":159,"column":38}},"102":{"start":{"line":160,"column":2},"end":{"line":160,"column":39}},"103":{"start":{"line":160,"column":28},"end":{"line":160,"column":39}},"104":{"start":{"line":161,"column":13},"end":{"line":161,"column":2}},"105":{"start":{"line":162,"column":2},"end":{"line":162,"column":24}},"106":{"start":{"line":162,"column":24},"end":{"line":null,"column":-1}},"107":{"start":{"line":164,"column":13},"end":{"line":164,"column":2}},"108":{"start":{"line":165,"column":13},"end":{"line":165,"column":2}},"109":{"start":{"line":166,"column":2},"end":{"line":169,"column":3}},"110":{"start":{"line":167,"column":4},"end":{"line":null,"column":-1}},"111":{"start":{"line":168,"column":4},"end":{"line":null,"column":-1}},"112":{"start":{"line":171,"column":13},"end":{"line":171,"column":2}},"113":{"start":{"line":172,"column":2},"end":{"line":null,"column":-1}},"114":{"start":{"line":180,"column":12},"end":{"line":180,"column":2}},"115":{"start":{"line":181,"column":12},"end":{"line":181,"column":2}},"116":{"start":{"line":182,"column":2},"end":{"line":null,"column":-1}},"117":{"start":{"line":189,"column":2},"end":{"line":null,"column":-1}},"118":{"start":{"line":197,"column":2},"end":{"line":197,"column":38}},"119":{"start":{"line":197,"column":27},"end":{"line":197,"column":38}},"120":{"start":{"line":198,"column":12},"end":{"line":198,"column":2}},"121":{"start":{"line":199,"column":13},"end":{"line":199,"column":2}},"122":{"start":{"line":200,"column":2},"end":{"line":200,"column":119}},"123":{"start":{"line":200,"column":56},"end":{"line":200,"column":119}},"124":{"start":{"line":201,"column":2},"end":{"line":null,"column":-1}},"125":{"start":{"line":208,"column":12},"end":{"line":208,"column":2}},"126":{"start":{"line":209,"column":13},"end":{"line":209,"column":2}},"127":{"start":{"line":210,"column":2},"end":{"line":210,"column":116}},"128":{"start":{"line":210,"column":53},"end":{"line":210,"column":116}},"129":{"start":{"line":211,"column":2},"end":{"line":null,"column":-1}},"130":{"start":{"line":218,"column":15},"end":{"line":218,"column":2}},"131":{"start":{"line":219,"column":12},"end":{"line":219,"column":2}},"132":{"start":{"line":220,"column":2},"end":{"line":223,"column":3}},"133":{"start":{"line":221,"column":4},"end":{"line":null,"column":-1}},"134":{"start":{"line":224,"column":2},"end":{"line":null,"column":-1}},"135":{"start":{"line":231,"column":12},"end":{"line":231,"column":2}},"136":{"start":{"line":232,"column":12},"end":{"line":232,"column":2}},"137":{"start":{"line":233,"column":2},"end":{"line":241,"column":3}},"138":{"start":{"line":234,"column":19},"end":{"line":234,"column":4}},"139":{"start":{"line":237,"column":4},"end":{"line":240,"column":5}},"140":{"start":{"line":238,"column":6},"end":{"line":239,"column":11}},"141":{"start":{"line":238,"column":48},"end":{"line":238,"column":6}},"142":{"start":{"line":239,"column":11},"end":{"line":null,"column":-1}},"143":{"start":{"line":242,"column":2},"end":{"line":null,"column":-1}}},"fnMap":{"0":{"name":"hexMd5","decl":{"start":{"line":22,"column":16},"end":{"line":22,"column":7}},"loc":{"start":{"line":22,"column":27},"end":{"line":23,"column":7}}},"1":{"name":"b64Md5","decl":{"start":{"line":23,"column":16},"end":{"line":23,"column":7}},"loc":{"start":{"line":23,"column":27},"end":{"line":24,"column":7}}},"2":{"name":"strMd5","decl":{"start":{"line":24,"column":16},"end":{"line":24,"column":7}},"loc":{"start":{"line":24,"column":27},"end":{"line":25,"column":7}}},"3":{"name":"hexHmacMd5","decl":{"start":{"line":25,"column":16},"end":{"line":25,"column":7}},"loc":{"start":{"line":25,"column":39},"end":{"line":26,"column":7}}},"4":{"name":"b64HmacMd5","decl":{"start":{"line":26,"column":16},"end":{"line":26,"column":7}},"loc":{"start":{"line":26,"column":39},"end":{"line":27,"column":7}}},"5":{"name":"(anonymous_6)","decl":{"start":{"line":32,"column":1},"end":{"line":32,"column":12}},"loc":{"start":{"line":32,"column":13},"end":{"line":32,"column":0}}},"6":{"name":"coreMd5","decl":{"start":{"line":44,"column":9},"end":{"line":44,"column":0}},"loc":{"start":{"line":44,"column":26},"end":{"line":134,"column":1}}},"7":{"name":"md5Cmn","decl":{"start":{"line":139,"column":9},"end":{"line":139,"column":0}},"loc":{"start":{"line":139,"column":35},"end":{"line":141,"column":1}}},"8":{"name":"md5Ff","decl":{"start":{"line":142,"column":9},"end":{"line":142,"column":0}},"loc":{"start":{"line":142,"column":37},"end":{"line":144,"column":1}}},"9":{"name":"md5Gg","decl":{"start":{"line":145,"column":9},"end":{"line":145,"column":0}},"loc":{"start":{"line":145,"column":37},"end":{"line":147,"column":1}}},"10":{"name":"md5Hh","decl":{"start":{"line":148,"column":9},"end":{"line":148,"column":0}},"loc":{"start":{"line":148,"column":37},"end":{"line":150,"column":1}}},"11":{"name":"md5Ii","decl":{"start":{"line":151,"column":9},"end":{"line":151,"column":0}},"loc":{"start":{"line":151,"column":37},"end":{"line":153,"column":1}}},"12":{"name":"coreHmacMd5","decl":{"start":{"line":158,"column":9},"end":{"line":158,"column":0}},"loc":{"start":{"line":158,"column":33},"end":{"line":173,"column":1}}},"13":{"name":"safeAdd","decl":{"start":{"line":179,"column":9},"end":{"line":179,"column":0}},"loc":{"start":{"line":179,"column":24},"end":{"line":183,"column":1}}},"14":{"name":"bitRol","decl":{"start":{"line":188,"column":9},"end":{"line":188,"column":0}},"loc":{"start":{"line":188,"column":27},"end":{"line":190,"column":1}}},"15":{"name":"str2binl","decl":{"start":{"line":196,"column":9},"end":{"line":196,"column":0}},"loc":{"start":{"line":196,"column":24},"end":{"line":202,"column":1}}},"16":{"name":"binl2str","decl":{"start":{"line":207,"column":9},"end":{"line":207,"column":0}},"loc":{"start":{"line":207,"column":24},"end":{"line":212,"column":1}}},"17":{"name":"binl2hex","decl":{"start":{"line":217,"column":9},"end":{"line":217,"column":0}},"loc":{"start":{"line":217,"column":29},"end":{"line":225,"column":1}}},"18":{"name":"binl2b64","decl":{"start":{"line":230,"column":9},"end":{"line":230,"column":0}},"loc":{"start":{"line":230,"column":29},"end":{"line":243,"column":1}}}},"branchMap":{"0":{"loc":{"start":{"line":159,"column":2},"end":{"line":159,"column":38}},"type":"if","locations":[{"start":{"line":159,"column":2},"end":{"line":159,"column":38}},{"start":{"line":159,"column":2},"end":{"line":159,"column":38}}]},"1":{"loc":{"start":{"line":160,"column":2},"end":{"line":160,"column":39}},"type":"if","locations":[{"start":{"line":160,"column":2},"end":{"line":160,"column":39}},{"start":{"line":160,"column":2},"end":{"line":160,"column":39}}]},"2":{"loc":{"start":{"line":162,"column":2},"end":{"line":162,"column":24}},"type":"if","locations":[{"start":{"line":162,"column":2},"end":{"line":162,"column":24}},{"start":{"line":162,"column":2},"end":{"line":162,"column":24}}]},"3":{"loc":{"start":{"line":197,"column":2},"end":{"line":197,"column":38}},"type":"if","locations":[{"start":{"line":197,"column":2},"end":{"line":197,"column":38}},{"start":{"line":197,"column":2},"end":{"line":197,"column":38}}]},"4":{"loc":{"start":{"line":218,"column":25},"end":{"line":218,"column":15}},"type":"cond-expr","locations":[{"start":{"line":218,"column":25},"end":{"line":218,"column":15}},{"start":{"line":218,"column":46},"end":{"line":218,"column":2}}]},"5":{"loc":{"start":{"line":238,"column":6},"end":{"line":239,"column":11}},"type":"if","locations":[{"start":{"line":238,"column":6},"end":{"line":239,"column":11}},{"start":{"line":238,"column":6},"end":{"line":239,"column":11}}]}},"s":{"0":0,"1":0,"2":0,"3":0,"4":0,"5":0,"6":0,"7":0,"8":0,"9":0,"10":0,"11":0,"12":0,"13":0,"14":0,"15":0,"16":0,"17":0,"18":0,"19":0,"20":0,"21":0,"22":0,"23":0,"24":0,"25":0,"26":0,"27":0,"28":0,"29":0,"30":0,"31":0,"32":0,"33":0,"34":0,"35":0,"36":0,"37":0,"38":0,"39":0,"40":0,"41":0,"42":0,"43":0,"44":0,"45":0,"46":0,"47":0,"48":0,"49":0,"50":0,"51":0,"52":0,"53":0,"54":0,"55":0,"56":0,"57":0,"58":0,"59":0,"60":0,"61":0,"62":0,"63":0,"64":0,"65":0,"66":0,"67":0,"68":0,"69":0,"70":0,"71":0,"72":0,"73":0,"74":0,"75":0,"76":0,"77":0,"78":0,"79":0,"80":0,"81":0,"82":0,"83":0,"84":0,"85":0,"86":0,"87":0,"88":0,"89":0,"90":0,"91":0,"92":0,"93":0,"94":0,"95":0,"96":0,"97":0,"98":0,"99":0,"100":0,"101":0,"102":0,"103":0,"104":0,"105":0,"106":0,"107":0,"108":0,"109":0,"110":0,"111":0,"112":0,"113":0,"114":0,"115":0,"116":0,"117":0,"118":0,"119":0,"120":0,"121":0,"122":0,"123":0,"124":0,"125":0,"126":0,"127":0,"128":0,"129":0,"130":0,"131":0,"132":0,"133":0,"134":0,"135":0,"136":0,"137":0,"138":0,"139":0,"140":0,"141":0,"142":0,"143":0},"f":{"0":0,"1":0,"2":0,"3":0,"4":0,"5":0,"6":0,"7":0,"8":0,"9":0,"10":0,"11":0,"12":0,"13":0,"14":0,"15":0,"16":0,"17":0,"18":0},"b":{"0":[0,0],"1":[0,0],"2":[0,0],"3":[0,0],"4":[0,0],"5":[0,0]}}
,"/Users/xiaolin/IdeaProjects/MANAGE/src/components/layout/Layout.vue": {"path":"/Users/xiaolin/IdeaProjects/MANAGE/src/components/layout/Layout.vue","statementMap":{"0":{"start":{"line":53,"column":0},"end":{"line":null,"column":-1}},"1":{"start":{"line":54,"column":0},"end":{"line":null,"column":-1}},"2":{"start":{"line":55,"column":0},"end":{"line":null,"column":-1}},"3":{"start":{"line":56,"column":0},"end":{"line":null,"column":-1}},"4":{"start":{"line":60,"column":0},"end":{"line":null,"column":-1}},"5":{"start":{"line":84,"column":0},"end":{"line":null,"column":-1}},"6":{"start":{"line":86,"column":0},"end":{"line":null,"column":-1}},"7":{"start":{"line":87,"column":0},"end":{"line":null,"column":-1}},"8":{"start":{"line":102,"column":0},"end":{"line":null,"column":-1}},"9":{"start":{"line":103,"column":0},"end":{"line":null,"column":-1}},"10":{"start":{"line":104,"column":0},"end":{"line":null,"column":-1}},"11":{"start":{"line":106,"column":0},"end":{"line":null,"column":-1}},"12":{"start":{"line":107,"column":0},"end":{"line":null,"column":-1}},"13":{"start":{"line":108,"column":0},"end":{"line":null,"column":-1}},"14":{"start":{"line":110,"column":0},"end":{"line":170,"column":0}},"15":{"start":{"line":111,"column":0},"end":{"line":167,"column":0}},"16":{"start":{"line":112,"column":0},"end":{"line":null,"column":-1}},"17":{"start":{"line":113,"column":0},"end":{"line":null,"column":-1}},"18":{"start":{"line":114,"column":0},"end":{"line":null,"column":-1}},"19":{"start":{"line":115,"column":0},"end":{"line":null,"column":-1}},"20":{"start":{"line":117,"column":0},"end":{"line":121,"column":0}},"21":{"start":{"line":118,"column":0},"end":{"line":null,"column":-1}},"22":{"start":{"line":120,"column":0},"end":{"line":null,"column":-1}},"23":{"start":{"line":122,"column":0},"end":{"line":null,"column":-1}},"24":{"start":{"line":123,"column":0},"end":{"line":null,"column":-1}},"25":{"start":{"line":127,"column":0},"end":{"line":null,"column":-1}},"26":{"start":{"line":128,"column":0},"end":{"line":null,"column":-1}},"27":{"start":{"line":129,"column":0},"end":{"line":null,"column":-1}},"28":{"start":{"line":131,"column":0},"end":{"line":164,"column":0}},"29":{"start":{"line":132,"column":0},"end":{"line":161,"column":0}},"30":{"start":{"line":133,"column":0},"end":{"line":null,"column":-1}},"31":{"start":{"line":134,"column":0},"end":{"line":136,"column":0}},"32":{"start":{"line":135,"column":0},"end":{"line":null,"column":-1}},"33":{"start":{"line":137,"column":0},"end":{"line":null,"column":-1}},"34":{"start":{"line":139,"column":0},"end":{"line":null,"column":-1}},"35":{"start":{"line":140,"column":0},"end":{"line":null,"column":-1}},"36":{"start":{"line":141,"column":0},"end":{"line":null,"column":-1}},"37":{"start":{"line":142,"column":0},"end":{"line":null,"column":-1}},"38":{"start":{"line":143,"column":0},"end":{"line":152,"column":0}},"39":{"start":{"line":144,"column":0},"end":{"line":151,"column":0}},"40":{"start":{"line":145,"column":0},"end":{"line":150,"column":0}},"41":{"start":{"line":146,"column":0},"end":{"line":null,"column":-1}},"42":{"start":{"line":147,"column":0},"end":{"line":null,"column":-1}},"43":{"start":{"line":148,"column":0},"end":{"line":null,"column":-1}},"44":{"start":{"line":149,"column":0},"end":{"line":null,"column":-1}},"45":{"start":{"line":154,"column":0},"end":{"line":158,"column":0}},"46":{"start":{"line":155,"column":0},"end":{"line":null,"column":-1}},"47":{"start":{"line":157,"column":0},"end":{"line":null,"column":-1}},"48":{"start":{"line":160,"column":0},"end":{"line":null,"column":-1}},"49":{"start":{"line":163,"column":0},"end":{"line":null,"column":-1}},"50":{"start":{"line":166,"column":0},"end":{"line":null,"column":-1}},"51":{"start":{"line":169,"column":0},"end":{"line":null,"column":-1}},"52":{"start":{"line":172,"column":0},"end":{"line":null,"column":-1}},"53":{"start":{"line":173,"column":0},"end":{"line":180,"column":0}},"54":{"start":{"line":174,"column":0},"end":{"line":179,"column":0}},"55":{"start":{"line":175,"column":0},"end":{"line":null,"column":-1}},"56":{"start":{"line":176,"column":0},"end":{"line":null,"column":-1}},"57":{"start":{"line":177,"column":0},"end":{"line":null,"column":-1}},"58":{"start":{"line":178,"column":0},"end":{"line":null,"column":-1}},"59":{"start":{"line":181,"column":0},"end":{"line":null,"column":-1}},"60":{"start":{"line":182,"column":0},"end":{"line":null,"column":-1}},"61":{"start":{"line":183,"column":0},"end":{"line":null,"column":-1}},"62":{"start":{"line":185,"column":0},"end":{"line":null,"column":-1}},"63":{"start":{"line":186,"column":0},"end":{"line":null,"column":-1}},"64":{"start":{"line":188,"column":0},"end":{"line":null,"column":-1}},"65":{"start":{"line":189,"column":0},"end":{"line":null,"column":-1}},"66":{"start":{"line":190,"column":0},"end":{"line":null,"column":-1}},"67":{"start":{"line":194,"column":0},"end":{"line":208,"column":0}},"68":{"start":{"line":195,"column":0},"end":{"line":null,"column":-1}},"69":{"start":{"line":196,"column":0},"end":{"line":null,"column":-1}},"70":{"start":{"line":197,"column":0},"end":{"line":null,"column":-1}},"71":{"start":{"line":198,"column":0},"end":{"line":null,"column":-1}},"72":{"start":{"line":201,"column":0},"end":{"line":null,"column":-1}},"73":{"start":{"line":202,"column":0},"end":{"line":207,"column":0}},"74":{"start":{"line":203,"column":0},"end":{"line":206,"column":0}},"75":{"start":{"line":204,"column":0},"end":{"line":null,"column":-1}},"76":{"start":{"line":205,"column":0},"end":{"line":null,"column":-1}},"77":{"start":{"line":211,"column":0},"end":{"line":null,"column":-1}},"78":{"start":{"line":212,"column":0},"end":{"line":null,"column":-1}},"79":{"start":{"line":213,"column":0},"end":{"line":null,"column":-1}},"80":{"start":{"line":214,"column":0},"end":{"line":null,"column":-1}},"81":{"start":{"line":215,"column":0},"end":{"line":null,"column":-1}},"82":{"start":{"line":218,"column":0},"end":{"line":null,"column":-1}},"83":{"start":{"line":221,"column":0},"end":{"line":null,"column":-1}},"84":{"start":{"line":222,"column":0},"end":{"line":null,"column":-1}},"85":{"start":{"line":223,"column":0},"end":{"line":null,"column":-1}},"86":{"start":{"line":224,"column":0},"end":{"line":null,"column":-1}},"87":{"start":{"line":227,"column":0},"end":{"line":234,"column":0}},"88":{"start":{"line":228,"column":0},"end":{"line":null,"column":-1}},"89":{"start":{"line":229,"column":0},"end":{"line":231,"column":0}},"90":{"start":{"line":230,"column":0},"end":{"line":null,"column":-1}},"91":{"start":{"line":233,"column":0},"end":{"line":null,"column":-1}},"92":{"start":{"line":236,"column":0},"end":{"line":null,"column":-1}},"93":{"start":{"line":237,"column":0},"end":{"line":null,"column":-1}},"94":{"start":{"line":238,"column":0},"end":{"line":260,"column":0}},"95":{"start":{"line":239,"column":0},"end":{"line":259,"column":0}},"96":{"start":{"line":240,"column":0},"end":{"line":242,"column":0}},"97":{"start":{"line":241,"column":0},"end":{"line":null,"column":-1}},"98":{"start":{"line":243,"column":0},"end":{"line":null,"column":-1}},"99":{"start":{"line":244,"column":0},"end":{"line":null,"column":-1}},"100":{"start":{"line":245,"column":0},"end":{"line":null,"column":-1}},"101":{"start":{"line":246,"column":0},"end":{"line":null,"column":-1}},"102":{"start":{"line":247,"column":0},"end":{"line":null,"column":-1}},"103":{"start":{"line":248,"column":0},"end":{"line":null,"column":-1}},"104":{"start":{"line":249,"column":0},"end":{"line":null,"column":-1}},"105":{"start":{"line":250,"column":0},"end":{"line":null,"column":-1}},"106":{"start":{"line":251,"column":0},"end":{"line":null,"column":-1}},"107":{"start":{"line":252,"column":0},"end":{"line":null,"column":-1}},"108":{"start":{"line":254,"column":0},"end":{"line":null,"column":-1}},"109":{"start":{"line":255,"column":0},"end":{"line":257,"column":0}},"110":{"start":{"line":256,"column":0},"end":{"line":null,"column":-1}},"111":{"start":{"line":258,"column":0},"end":{"line":null,"column":-1}},"112":{"start":{"line":261,"column":0},"end":{"line":null,"column":-1}}},"fnMap":{"0":{"name":"data","decl":{"start":{"line":59,"column":0},"end":{"line":null,"column":-1}},"loc":{"start":{"line":59,"column":0},"end":{"line":78,"column":0}}},"1":{"name":"created","decl":{"start":{"line":83,"column":0},"end":{"line":null,"column":-1}},"loc":{"start":{"line":83,"column":0},"end":{"line":171,"column":0}}},"2":{"name":"mounted","decl":{"start":{"line":172,"column":0},"end":{"line":null,"column":-1}},"loc":{"start":{"line":172,"column":0},"end":{"line":187,"column":0}}},"3":{"name":"(anonymous_5)","decl":{"start":{"line":173,"column":0},"end":{"line":null,"column":-1}},"loc":{"start":{"line":173,"column":0},"end":{"line":180,"column":0}}},"4":{"name":"(anonymous_6)","decl":{"start":{"line":174,"column":0},"end":{"line":null,"column":-1}},"loc":{"start":{"line":174,"column":0},"end":{"line":179,"column":0}}},"5":{"name":"(anonymous_7)","decl":{"start":{"line":185,"column":0},"end":{"line":null,"column":-1}},"loc":{"start":{"line":185,"column":0},"end":{"line":null,"column":-1}}},"6":{"name":"(anonymous_8)","decl":{"start":{"line":186,"column":0},"end":{"line":null,"column":-1}},"loc":{"start":{"line":186,"column":0},"end":{"line":null,"column":-1}}},"7":{"name":"destroyed","decl":{"start":{"line":188,"column":0},"end":{"line":null,"column":-1}},"loc":{"start":{"line":188,"column":0},"end":{"line":191,"column":0}}},"8":{"name":"(anonymous_10)","decl":{"start":{"line":189,"column":0},"end":{"line":null,"column":-1}},"loc":{"start":{"line":189,"column":0},"end":{"line":null,"column":-1}}},"9":{"name":"(anonymous_11)","decl":{"start":{"line":190,"column":0},"end":{"line":null,"column":-1}},"loc":{"start":{"line":190,"column":0},"end":{"line":null,"column":-1}}},"10":{"name":"onLogout","decl":{"start":{"line":193,"column":0},"end":{"line":null,"column":-1}},"loc":{"start":{"line":193,"column":0},"end":{"line":209,"column":0}}},"11":{"name":"onUserInfo","decl":{"start":{"line":210,"column":0},"end":{"line":null,"column":-1}},"loc":{"start":{"line":210,"column":0},"end":{"line":216,"column":0}}},"12":{"name":"beforeunloadHandler","decl":{"start":{"line":217,"column":0},"end":{"line":null,"column":-1}},"loc":{"start":{"line":217,"column":0},"end":{"line":219,"column":0}}},"13":{"name":"unloadHandler","decl":{"start":{"line":220,"column":0},"end":{"line":null,"column":-1}},"loc":{"start":{"line":220,"column":0},"end":{"line":235,"column":0}}},"14":{"name":"(anonymous_16)","decl":{"start":{"line":227,"column":0},"end":{"line":null,"column":-1}},"loc":{"start":{"line":227,"column":0},"end":{"line":232,"column":0}}},"15":{"name":"(anonymous_17)","decl":{"start":{"line":232,"column":0},"end":{"line":null,"column":-1}},"loc":{"start":{"line":232,"column":0},"end":{"line":234,"column":0}}},"16":{"name":"getData","decl":{"start":{"line":236,"column":0},"end":{"line":null,"column":-1}},"loc":{"start":{"line":236,"column":0},"end":{"line":262,"column":0}}}},"branchMap":{"0":{"loc":{"start":{"line":110,"column":0},"end":{"line":170,"column":0}},"type":"if","locations":[{"start":{"line":110,"column":0},"end":{"line":170,"column":0}},{"start":{"line":110,"column":0},"end":{"line":170,"column":0}}]},"1":{"loc":{"start":{"line":111,"column":0},"end":{"line":167,"column":0}},"type":"if","locations":[{"start":{"line":111,"column":0},"end":{"line":167,"column":0}},{"start":{"line":111,"column":0},"end":{"line":167,"column":0}}]},"2":{"loc":{"start":{"line":117,"column":0},"end":{"line":121,"column":0}},"type":"if","locations":[{"start":{"line":117,"column":0},"end":{"line":121,"column":0}},{"start":{"line":117,"column":0},"end":{"line":121,"column":0}}]},"3":{"loc":{"start":{"line":117,"column":0},"end":{"line":null,"column":-1}},"type":"binary-expr","locations":[{"start":{"line":117,"column":0},"end":{"line":null,"column":-1}},{"start":{"line":117,"column":0},"end":{"line":null,"column":-1}}]},"4":{"loc":{"start":{"line":131,"column":0},"end":{"line":164,"column":0}},"type":"if","locations":[{"start":{"line":131,"column":0},"end":{"line":164,"column":0}},{"start":{"line":131,"column":0},"end":{"line":164,"column":0}}]},"5":{"loc":{"start":{"line":132,"column":0},"end":{"line":161,"column":0}},"type":"if","locations":[{"start":{"line":132,"column":0},"end":{"line":161,"column":0}},{"start":{"line":132,"column":0},"end":{"line":161,"column":0}}]},"6":{"loc":{"start":{"line":140,"column":0},"end":{"line":null,"column":-1}},"type":"cond-expr","locations":[{"start":{"line":140,"column":0},"end":{"line":null,"column":-1}},{"start":{"line":140,"column":0},"end":{"line":null,"column":-1}}]},"7":{"loc":{"start":{"line":143,"column":0},"end":{"line":152,"column":0}},"type":"if","locations":[{"start":{"line":143,"column":0},"end":{"line":152,"column":0}},{"start":{"line":143,"column":0},"end":{"line":152,"column":0}}]},"8":{"loc":{"start":{"line":144,"column":0},"end":{"line":151,"column":0}},"type":"if","locations":[{"start":{"line":144,"column":0},"end":{"line":151,"column":0}},{"start":{"line":144,"column":0},"end":{"line":151,"column":0}}]},"9":{"loc":{"start":{"line":145,"column":0},"end":{"line":150,"column":0}},"type":"if","locations":[{"start":{"line":145,"column":0},"end":{"line":150,"column":0}},{"start":{"line":145,"column":0},"end":{"line":150,"column":0}}]},"10":{"loc":{"start":{"line":154,"column":0},"end":{"line":158,"column":0}},"type":"if","locations":[{"start":{"line":154,"column":0},"end":{"line":158,"column":0}},{"start":{"line":154,"column":0},"end":{"line":158,"column":0}}]},"11":{"loc":{"start":{"line":154,"column":0},"end":{"line":null,"column":-1}},"type":"binary-expr","locations":[{"start":{"line":154,"column":0},"end":{"line":null,"column":-1}},{"start":{"line":154,"column":0},"end":{"line":null,"column":-1}}]},"12":{"loc":{"start":{"line":194,"column":0},"end":{"line":208,"column":0}},"type":"if","locations":[{"start":{"line":194,"column":0},"end":{"line":208,"column":0}},{"start":{"line":194,"column":0},"end":{"line":208,"column":0}}]},"13":{"loc":{"start":{"line":202,"column":0},"end":{"line":207,"column":0}},"type":"if","locations":[{"start":{"line":202,"column":0},"end":{"line":207,"column":0}},{"start":{"line":202,"column":0},"end":{"line":207,"column":0}}]},"14":{"loc":{"start":{"line":203,"column":0},"end":{"line":206,"column":0}},"type":"if","locations":[{"start":{"line":203,"column":0},"end":{"line":206,"column":0}},{"start":{"line":203,"column":0},"end":{"line":206,"column":0}}]},"15":{"loc":{"start":{"line":229,"column":0},"end":{"line":231,"column":0}},"type":"if","locations":[{"start":{"line":229,"column":0},"end":{"line":231,"column":0}},{"start":{"line":229,"column":0},"end":{"line":231,"column":0}}]},"16":{"loc":{"start":{"line":236,"column":0},"end":{"line":null,"column":-1}},"type":"cond-expr","locations":[{"start":{"line":236,"column":0},"end":{"line":null,"column":-1}},{"start":{"line":236,"column":0},"end":{"line":null,"column":-1}}]},"17":{"loc":{"start":{"line":238,"column":0},"end":{"line":260,"column":0}},"type":"if","locations":[{"start":{"line":238,"column":0},"end":{"line":260,"column":0}},{"start":{"line":238,"column":0},"end":{"line":260,"column":0}}]},"18":{"loc":{"start":{"line":238,"column":0},"end":{"line":null,"column":-1}},"type":"binary-expr","locations":[{"start":{"line":238,"column":0},"end":{"line":null,"column":-1}},{"start":{"line":238,"column":0},"end":{"line":null,"column":-1}}]},"19":{"loc":{"start":{"line":240,"column":0},"end":{"line":242,"column":0}},"type":"if","locations":[{"start":{"line":240,"column":0},"end":{"line":242,"column":0}},{"start":{"line":240,"column":0},"end":{"line":242,"column":0}}]},"20":{"loc":{"start":{"line":255,"column":0},"end":{"line":257,"column":0}},"type":"if","locations":[{"start":{"line":255,"column":0},"end":{"line":257,"column":0}},{"start":{"line":255,"column":0},"end":{"line":257,"column":0}}]},"21":{"loc":{"start":{"line":255,"column":0},"end":{"line":null,"column":-1}},"type":"binary-expr","locations":[{"start":{"line":255,"column":0},"end":{"line":null,"column":-1}},{"start":{"line":255,"column":0},"end":{"line":null,"column":-1}}]}},"s":{"0":0,"1":0,"2":0,"3":0,"4":0,"5":0,"6":0,"7":0,"8":0,"9":0,"10":0,"11":0,"12":0,"13":0,"14":0,"15":0,"16":0,"17":0,"18":0,"19":0,"20":0,"21":0,"22":0,"23":0,"24":0,"25":0,"26":0,"27":0,"28":0,"29":0,"30":0,"31":0,"32":0,"33":0,"34":0,"35":0,"36":0,"37":0,"38":0,"39":0,"40":0,"41":0,"42":0,"43":0,"44":0,"45":0,"46":0,"47":0,"48":0,"49":0,"50":0,"51":0,"52":0,"53":0,"54":0,"55":0,"56":0,"57":0,"58":0,"59":0,"60":0,"61":0,"62":0,"63":0,"64":0,"65":0,"66":0,"67":0,"68":0,"69":0,"70":0,"71":0,"72":0,"73":0,"74":0,"75":0,"76":0,"77":0,"78":0,"79":0,"80":0,"81":0,"82":0,"83":0,"84":0,"85":0,"86":0,"87":0,"88":0,"89":0,"90":0,"91":0,"92":0,"93":0,"94":0,"95":0,"96":0,"97":0,"98":0,"99":0,"100":0,"101":0,"102":0,"103":0,"104":0,"105":0,"106":0,"107":0,"108":0,"109":0,"110":0,"111":0,"112":0},"f":{"0":0,"1":0,"2":0,"3":0,"4":0,"5":0,"6":0,"7":0,"8":0,"9":0,"10":0,"11":0,"12":0,"13":0,"14":0,"15":0,"16":0},"b":{"0":[0,0],"1":[0,0],"2":[0,0],"3":[0,0],"4":[0,0],"5":[0,0],"6":[0,0],"7":[0,0],"8":[0,0],"9":[0,0],"10":[0,0],"11":[0,0],"12":[0,0],"13":[0,0],"14":[0,0],"15":[0,0],"16":[0,0],"17":[0,0],"18":[0,0],"19":[0,0],"20":[0,0],"21":[0,0]}}
,"/Users/xiaolin/IdeaProjects/MANAGE/src/components/layout/LayoutChild.vue": {"path":"/Users/xiaolin/IdeaProjects/MANAGE/src/components/layout/LayoutChild.vue","statementMap":{"0":{"start":{"line":18,"column":0},"end":{"line":null,"column":-1}},"1":{"start":{"line":28,"column":0},"end":{"line":null,"column":-1}},"2":{"start":{"line":29,"column":0},"end":{"line":null,"column":-1}},"3":{"start":{"line":30,"column":0},"end":{"line":null,"column":-1}},"4":{"start":{"line":31,"column":0},"end":{"line":null,"column":-1}},"5":{"start":{"line":32,"column":0},"end":{"line":null,"column":-1}},"6":{"start":{"line":33,"column":0},"end":{"line":null,"column":-1}},"7":{"start":{"line":34,"column":0},"end":{"line":null,"column":-1}},"8":{"start":{"line":35,"column":0},"end":{"line":null,"column":-1}},"9":{"start":{"line":36,"column":0},"end":{"line":null,"column":-1}},"10":{"start":{"line":37,"column":0},"end":{"line":null,"column":-1}},"11":{"start":{"line":39,"column":0},"end":{"line":null,"column":-1}},"12":{"start":{"line":40,"column":0},"end":{"line":50,"column":0}},"13":{"start":{"line":41,"column":0},"end":{"line":null,"column":-1}},"14":{"start":{"line":42,"column":0},"end":{"line":null,"column":-1}},"15":{"start":{"line":43,"column":0},"end":{"line":null,"column":-1}},"16":{"start":{"line":44,"column":0},"end":{"line":null,"column":-1}},"17":{"start":{"line":45,"column":0},"end":{"line":null,"column":-1}},"18":{"start":{"line":46,"column":0},"end":{"line":null,"column":-1}},"19":{"start":{"line":47,"column":0},"end":{"line":null,"column":-1}},"20":{"start":{"line":48,"column":0},"end":{"line":null,"column":-1}},"21":{"start":{"line":49,"column":0},"end":{"line":null,"column":-1}}},"fnMap":{"0":{"name":"data","decl":{"start":{"line":17,"column":0},"end":{"line":null,"column":-1}},"loc":{"start":{"line":17,"column":0},"end":{"line":25,"column":0}}},"1":{"name":"created","decl":{"start":{"line":27,"column":0},"end":{"line":null,"column":-1}},"loc":{"start":{"line":27,"column":0},"end":{"line":38,"column":0}}},"2":{"name":"mounted","decl":{"start":{"line":39,"column":0},"end":{"line":null,"column":-1}},"loc":{"start":{"line":39,"column":0},"end":{"line":51,"column":0}}},"3":{"name":"(anonymous_4)","decl":{"start":{"line":40,"column":0},"end":{"line":null,"column":-1}},"loc":{"start":{"line":40,"column":0},"end":{"line":50,"column":0}}}},"branchMap":{},"s":{"0":0,"1":0,"2":0,"3":0,"4":0,"5":0,"6":0,"7":0,"8":0,"9":0,"10":0,"11":0,"12":0,"13":0,"14":0,"15":0,"16":0,"17":0,"18":0,"19":0,"20":0,"21":0},"f":{"0":0,"1":0,"2":0,"3":0},"b":{}}
,"/Users/xiaolin/IdeaProjects/MANAGE/src/components/login/Login.vue": {"path":"/Users/xiaolin/IdeaProjects/MANAGE/src/components/login/Login.vue","statementMap":{"0":{"start":{"line":54,"column":0},"end":{"line":null,"column":-1}},"1":{"start":{"line":55,"column":0},"end":{"line":null,"column":-1}},"2":{"start":{"line":59,"column":0},"end":{"line":null,"column":-1}},"3":{"start":{"line":88,"column":0},"end":{"line":null,"column":-1}},"4":{"start":{"line":89,"column":0},"end":{"line":null,"column":-1}},"5":{"start":{"line":90,"column":0},"end":{"line":null,"column":-1}},"6":{"start":{"line":91,"column":0},"end":{"line":null,"column":-1}},"7":{"start":{"line":92,"column":0},"end":{"line":null,"column":-1}},"8":{"start":{"line":93,"column":0},"end":{"line":null,"column":-1}},"9":{"start":{"line":94,"column":0},"end":{"line":null,"column":-1}},"10":{"start":{"line":95,"column":0},"end":{"line":null,"column":-1}},"11":{"start":{"line":97,"column":0},"end":{"line":null,"column":-1}},"12":{"start":{"line":101,"column":0},"end":{"line":null,"column":-1}},"13":{"start":{"line":102,"column":0},"end":{"line":null,"column":-1}},"14":{"start":{"line":103,"column":0},"end":{"line":null,"column":-1}},"15":{"start":{"line":104,"column":0},"end":{"line":null,"column":-1}},"16":{"start":{"line":105,"column":0},"end":{"line":null,"column":-1}},"17":{"start":{"line":106,"column":0},"end":{"line":null,"column":-1}},"18":{"start":{"line":108,"column":0},"end":{"line":null,"column":-1}},"19":{"start":{"line":109,"column":0},"end":{"line":null,"column":-1}},"20":{"start":{"line":110,"column":0},"end":{"line":null,"column":-1}},"21":{"start":{"line":111,"column":0},"end":{"line":124,"column":0}},"22":{"start":{"line":112,"column":0},"end":{"line":null,"column":-1}},"23":{"start":{"line":113,"column":0},"end":{"line":null,"column":-1}},"24":{"start":{"line":114,"column":0},"end":{"line":123,"column":0}},"25":{"start":{"line":115,"column":0},"end":{"line":122,"column":0}},"26":{"start":{"line":116,"column":0},"end":{"line":null,"column":-1}},"27":{"start":{"line":118,"column":0},"end":{"line":null,"column":-1}},"28":{"start":{"line":119,"column":0},"end":{"line":null,"column":-1}},"29":{"start":{"line":120,"column":0},"end":{"line":null,"column":-1}},"30":{"start":{"line":121,"column":0},"end":{"line":null,"column":-1}},"31":{"start":{"line":126,"column":0},"end":{"line":null,"column":-1}},"32":{"start":{"line":132,"column":0},"end":{"line":146,"column":0}},"33":{"start":{"line":133,"column":0},"end":{"line":null,"column":-1}},"34":{"start":{"line":134,"column":0},"end":{"line":142,"column":0}},"35":{"start":{"line":137,"column":0},"end":{"line":null,"column":-1}},"36":{"start":{"line":138,"column":0},"end":{"line":null,"column":-1}},"37":{"start":{"line":139,"column":0},"end":{"line":null,"column":-1}},"38":{"start":{"line":140,"column":0},"end":{"line":null,"column":-1}},"39":{"start":{"line":141,"column":0},"end":{"line":null,"column":-1}},"40":{"start":{"line":144,"column":0},"end":{"line":null,"column":-1}},"41":{"start":{"line":145,"column":0},"end":{"line":null,"column":-1}},"42":{"start":{"line":148,"column":0},"end":{"line":null,"column":-1}},"43":{"start":{"line":149,"column":0},"end":{"line":189,"column":0}},"44":{"start":{"line":150,"column":0},"end":{"line":188,"column":0}},"45":{"start":{"line":151,"column":0},"end":{"line":null,"column":-1}},"46":{"start":{"line":157,"column":0},"end":{"line":184,"column":0}},"47":{"start":{"line":158,"column":0},"end":{"line":null,"column":-1}},"48":{"start":{"line":159,"column":0},"end":{"line":181,"column":0}},"49":{"start":{"line":161,"column":0},"end":{"line":null,"column":-1}},"50":{"start":{"line":162,"column":0},"end":{"line":null,"column":-1}},"51":{"start":{"line":164,"column":0},"end":{"line":null,"column":-1}},"52":{"start":{"line":168,"column":0},"end":{"line":178,"column":0}},"53":{"start":{"line":169,"column":0},"end":{"line":175,"column":0}},"54":{"start":{"line":170,"column":0},"end":{"line":null,"column":-1}},"55":{"start":{"line":171,"column":0},"end":{"line":null,"column":-1}},"56":{"start":{"line":172,"column":0},"end":{"line":null,"column":-1}},"57":{"start":{"line":174,"column":0},"end":{"line":null,"column":-1}},"58":{"start":{"line":177,"column":0},"end":{"line":null,"column":-1}},"59":{"start":{"line":180,"column":0},"end":{"line":null,"column":-1}},"60":{"start":{"line":183,"column":0},"end":{"line":null,"column":-1}},"61":{"start":{"line":186,"column":0},"end":{"line":null,"column":-1}},"62":{"start":{"line":187,"column":0},"end":{"line":null,"column":-1}},"63":{"start":{"line":192,"column":0},"end":{"line":null,"column":-1}},"64":{"start":{"line":193,"column":0},"end":{"line":null,"column":-1}},"65":{"start":{"line":194,"column":0},"end":{"line":null,"column":-1}},"66":{"start":{"line":195,"column":0},"end":{"line":null,"column":-1}},"67":{"start":{"line":197,"column":0},"end":{"line":null,"column":-1}},"68":{"start":{"line":198,"column":0},"end":{"line":null,"column":-1}},"69":{"start":{"line":203,"column":0},"end":{"line":233,"column":0}},"70":{"start":{"line":204,"column":0},"end":{"line":232,"column":0}},"71":{"start":{"line":205,"column":0},"end":{"line":null,"column":-1}},"72":{"start":{"line":207,"column":0},"end":{"line":null,"column":-1}},"73":{"start":{"line":208,"column":0},"end":{"line":210,"column":0}},"74":{"start":{"line":209,"column":0},"end":{"line":null,"column":-1}},"75":{"start":{"line":211,"column":0},"end":{"line":226,"column":0}},"76":{"start":{"line":212,"column":0},"end":{"line":null,"column":-1}},"77":{"start":{"line":213,"column":0},"end":{"line":223,"column":0}},"78":{"start":{"line":214,"column":0},"end":{"line":null,"column":-1}},"79":{"start":{"line":215,"column":0},"end":{"line":null,"column":-1}},"80":{"start":{"line":216,"column":0},"end":{"line":null,"column":-1}},"81":{"start":{"line":217,"column":0},"end":{"line":null,"column":-1}},"82":{"start":{"line":218,"column":0},"end":{"line":null,"column":-1}},"83":{"start":{"line":219,"column":0},"end":{"line":null,"column":-1}},"84":{"start":{"line":220,"column":0},"end":{"line":null,"column":-1}},"85":{"start":{"line":222,"column":0},"end":{"line":null,"column":-1}},"86":{"start":{"line":225,"column":0},"end":{"line":null,"column":-1}},"87":{"start":{"line":227,"column":0},"end":{"line":null,"column":-1}},"88":{"start":{"line":230,"column":0},"end":{"line":null,"column":-1}},"89":{"start":{"line":231,"column":0},"end":{"line":null,"column":-1}}},"fnMap":{"0":{"name":"data","decl":{"start":{"line":58,"column":0},"end":{"line":null,"column":-1}},"loc":{"start":{"line":58,"column":0},"end":{"line":86,"column":0}}},"1":{"name":"mounted","decl":{"start":{"line":87,"column":0},"end":{"line":null,"column":-1}},"loc":{"start":{"line":87,"column":0},"end":{"line":98,"column":0}}},"2":{"name":"closeDialog","decl":{"start":{"line":100,"column":0},"end":{"line":null,"column":-1}},"loc":{"start":{"line":100,"column":0},"end":{"line":107,"column":0}}},"3":{"name":"getCode","decl":{"start":{"line":108,"column":0},"end":{"line":null,"column":-1}},"loc":{"start":{"line":108,"column":0},"end":{"line":147,"column":0}}},"4":{"name":"(anonymous_5)","decl":{"start":{"line":114,"column":0},"end":{"line":null,"column":-1}},"loc":{"start":{"line":114,"column":0},"end":{"line":123,"column":0}}},"5":{"name":"(anonymous_6)","decl":{"start":{"line":132,"column":0},"end":{"line":null,"column":-1}},"loc":{"start":{"line":132,"column":0},"end":{"line":143,"column":0}}},"6":{"name":"(anonymous_7)","decl":{"start":{"line":143,"column":0},"end":{"line":null,"column":-1}},"loc":{"start":{"line":143,"column":0},"end":{"line":146,"column":0}}},"7":{"name":"submitForm","decl":{"start":{"line":148,"column":0},"end":{"line":null,"column":-1}},"loc":{"start":{"line":148,"column":0},"end":{"line":190,"column":0}}},"8":{"name":"(anonymous_9)","decl":{"start":{"line":149,"column":0},"end":{"line":null,"column":-1}},"loc":{"start":{"line":149,"column":0},"end":{"line":189,"column":0}}},"9":{"name":"(anonymous_10)","decl":{"start":{"line":157,"column":0},"end":{"line":null,"column":-1}},"loc":{"start":{"line":157,"column":0},"end":{"line":182,"column":0}}},"10":{"name":"(anonymous_11)","decl":{"start":{"line":168,"column":0},"end":{"line":null,"column":-1}},"loc":{"start":{"line":168,"column":0},"end":{"line":176,"column":0}}},"11":{"name":"(anonymous_12)","decl":{"start":{"line":176,"column":0},"end":{"line":null,"column":-1}},"loc":{"start":{"line":176,"column":0},"end":{"line":178,"column":0}}},"12":{"name":"(anonymous_13)","decl":{"start":{"line":182,"column":0},"end":{"line":null,"column":-1}},"loc":{"start":{"line":182,"column":0},"end":{"line":184,"column":0}}},"13":{"name":"forgetPassword","decl":{"start":{"line":191,"column":0},"end":{"line":null,"column":-1}},"loc":{"start":{"line":191,"column":0},"end":{"line":196,"column":0}}},"14":{"name":"submit","decl":{"start":{"line":197,"column":0},"end":{"line":null,"column":-1}},"loc":{"start":{"line":197,"column":0},"end":{"line":234,"column":0}}},"15":{"name":"(anonymous_16)","decl":{"start":{"line":203,"column":0},"end":{"line":null,"column":-1}},"loc":{"start":{"line":203,"column":0},"end":{"line":233,"column":0}}},"16":{"name":"(anonymous_17)","decl":{"start":{"line":211,"column":0},"end":{"line":null,"column":-1}},"loc":{"start":{"line":211,"column":0},"end":{"line":224,"column":0}}},"17":{"name":"(anonymous_18)","decl":{"start":{"line":224,"column":0},"end":{"line":null,"column":-1}},"loc":{"start":{"line":224,"column":0},"end":{"line":226,"column":0}}}},"branchMap":{"0":{"loc":{"start":{"line":111,"column":0},"end":{"line":124,"column":0}},"type":"if","locations":[{"start":{"line":111,"column":0},"end":{"line":124,"column":0}},{"start":{"line":111,"column":0},"end":{"line":124,"column":0}}]},"1":{"loc":{"start":{"line":115,"column":0},"end":{"line":122,"column":0}},"type":"if","locations":[{"start":{"line":115,"column":0},"end":{"line":122,"column":0}},{"start":{"line":115,"column":0},"end":{"line":122,"column":0}}]},"2":{"loc":{"start":{"line":115,"column":0},"end":{"line":null,"column":-1}},"type":"binary-expr","locations":[{"start":{"line":115,"column":0},"end":{"line":null,"column":-1}},{"start":{"line":115,"column":0},"end":{"line":null,"column":-1}}]},"3":{"loc":{"start":{"line":134,"column":0},"end":{"line":142,"column":0}},"type":"if","locations":[{"start":{"line":134,"column":0},"end":{"line":142,"column":0}},{"start":{"line":134,"column":0},"end":{"line":142,"column":0}}]},"4":{"loc":{"start":{"line":150,"column":0},"end":{"line":188,"column":0}},"type":"if","locations":[{"start":{"line":150,"column":0},"end":{"line":188,"column":0}},{"start":{"line":150,"column":0},"end":{"line":188,"column":0}}]},"5":{"loc":{"start":{"line":159,"column":0},"end":{"line":181,"column":0}},"type":"if","locations":[{"start":{"line":159,"column":0},"end":{"line":181,"column":0}},{"start":{"line":159,"column":0},"end":{"line":181,"column":0}}]},"6":{"loc":{"start":{"line":169,"column":0},"end":{"line":175,"column":0}},"type":"if","locations":[{"start":{"line":169,"column":0},"end":{"line":175,"column":0}},{"start":{"line":169,"column":0},"end":{"line":175,"column":0}}]},"7":{"loc":{"start":{"line":204,"column":0},"end":{"line":232,"column":0}},"type":"if","locations":[{"start":{"line":204,"column":0},"end":{"line":232,"column":0}},{"start":{"line":204,"column":0},"end":{"line":232,"column":0}}]},"8":{"loc":{"start":{"line":206,"column":0},"end":{"line":227,"column":0}},"type":"switch","locations":[{"start":{"line":206,"column":0},"end":{"line":227,"column":0}}]},"9":{"loc":{"start":{"line":208,"column":0},"end":{"line":210,"column":0}},"type":"if","locations":[{"start":{"line":208,"column":0},"end":{"line":210,"column":0}},{"start":{"line":208,"column":0},"end":{"line":210,"column":0}}]},"10":{"loc":{"start":{"line":213,"column":0},"end":{"line":223,"column":0}},"type":"if","locations":[{"start":{"line":213,"column":0},"end":{"line":223,"column":0}},{"start":{"line":213,"column":0},"end":{"line":223,"column":0}}]}},"s":{"0":0,"1":0,"2":0,"3":0,"4":0,"5":0,"6":0,"7":0,"8":0,"9":0,"10":0,"11":0,"12":0,"13":0,"14":0,"15":0,"16":0,"17":0,"18":0,"19":0,"20":0,"21":0,"22":0,"23":0,"24":0,"25":0,"26":0,"27":0,"28":0,"29":0,"30":0,"31":0,"32":0,"33":0,"34":0,"35":0,"36":0,"37":0,"38":0,"39":0,"40":0,"41":0,"42":0,"43":0,"44":0,"45":0,"46":0,"47":0,"48":0,"49":0,"50":0,"51":0,"52":0,"53":0,"54":0,"55":0,"56":0,"57":0,"58":0,"59":0,"60":0,"61":0,"62":0,"63":0,"64":0,"65":0,"66":0,"67":0,"68":0,"69":0,"70":0,"71":0,"72":0,"73":0,"74":0,"75":0,"76":0,"77":0,"78":0,"79":0,"80":0,"81":0,"82":0,"83":0,"84":0,"85":0,"86":0,"87":0,"88":0,"89":0},"f":{"0":0,"1":0,"2":0,"3":0,"4":0,"5":0,"6":0,"7":0,"8":0,"9":0,"10":0,"11":0,"12":0,"13":0,"14":0,"15":0,"16":0,"17":0},"b":{"0":[0,0],"1":[0,0],"2":[0,0],"3":[0,0],"4":[0,0],"5":[0,0],"6":[0,0],"7":[0,0],"8":[0],"9":[0,0],"10":[0,0]}}
,"/Users/xiaolin/IdeaProjects/MANAGE/src/components/pages/GoodsManagement/MyGoods.vue": {"path":"/Users/xiaolin/IdeaProjects/MANAGE/src/components/pages/GoodsManagement/MyGoods.vue","statementMap":{},"fnMap":{"0":{"name":"mounted","decl":{"start":{"line":7,"column":0},"end":{"line":null,"column":-1}},"loc":{"start":{"line":7,"column":0},"end":{"line":null,"column":-1}}}},"branchMap":{},"s":{},"f":{"0":0},"b":{}}
,"/Users/xiaolin/IdeaProjects/MANAGE/src/components/pages/SystemManagement/NodeManagement.vue": {"path":"/Users/xiaolin/IdeaProjects/MANAGE/src/components/pages/SystemManagement/NodeManagement.vue","statementMap":{"0":{"start":{"line":76,"column":0},"end":{"line":null,"column":-1}},"1":{"start":{"line":79,"column":0},"end":{"line":null,"column":-1}},"2":{"start":{"line":114,"column":0},"end":{"line":117,"column":0}},"3":{"start":{"line":115,"column":0},"end":{"line":null,"column":-1}},"4":{"start":{"line":116,"column":0},"end":{"line":null,"column":-1}},"5":{"start":{"line":118,"column":0},"end":{"line":null,"column":-1}},"6":{"start":{"line":121,"column":0},"end":{"line":null,"column":-1}},"7":{"start":{"line":122,"column":0},"end":{"line":null,"column":-1}},"8":{"start":{"line":123,"column":0},"end":{"line":null,"column":-1}},"9":{"start":{"line":124,"column":0},"end":{"line":null,"column":-1}},"10":{"start":{"line":125,"column":0},"end":{"line":null,"column":-1}},"11":{"start":{"line":128,"column":0},"end":{"line":null,"column":-1}},"12":{"start":{"line":129,"column":0},"end":{"line":null,"column":-1}},"13":{"start":{"line":130,"column":0},"end":{"line":null,"column":-1}},"14":{"start":{"line":131,"column":0},"end":{"line":null,"column":-1}},"15":{"start":{"line":133,"column":0},"end":{"line":137,"column":0}},"16":{"start":{"line":134,"column":0},"end":{"line":136,"column":0}},"17":{"start":{"line":135,"column":0},"end":{"line":null,"column":-1}},"18":{"start":{"line":139,"column":0},"end":{"line":151,"column":0}},"19":{"start":{"line":140,"column":0},"end":{"line":144,"column":0}},"20":{"start":{"line":141,"column":0},"end":{"line":null,"column":-1}},"21":{"start":{"line":143,"column":0},"end":{"line":null,"column":-1}},"22":{"start":{"line":146,"column":0},"end":{"line":150,"column":0}},"23":{"start":{"line":147,"column":0},"end":{"line":null,"column":-1}},"24":{"start":{"line":149,"column":0},"end":{"line":null,"column":-1}},"25":{"start":{"line":152,"column":0},"end":{"line":null,"column":-1}},"26":{"start":{"line":155,"column":0},"end":{"line":null,"column":-1}},"27":{"start":{"line":156,"column":0},"end":{"line":null,"column":-1}},"28":{"start":{"line":159,"column":0},"end":{"line":null,"column":-1}},"29":{"start":{"line":160,"column":0},"end":{"line":null,"column":-1}},"30":{"start":{"line":161,"column":0},"end":{"line":null,"column":-1}},"31":{"start":{"line":162,"column":0},"end":{"line":null,"column":-1}},"32":{"start":{"line":163,"column":0},"end":{"line":null,"column":-1}},"33":{"start":{"line":164,"column":0},"end":{"line":178,"column":0}},"34":{"start":{"line":165,"column":0},"end":{"line":null,"column":-1}},"35":{"start":{"line":166,"column":0},"end":{"line":null,"column":-1}},"36":{"start":{"line":167,"column":0},"end":{"line":null,"column":-1}},"37":{"start":{"line":168,"column":0},"end":{"line":null,"column":-1}},"38":{"start":{"line":169,"column":0},"end":{"line":null,"column":-1}},"39":{"start":{"line":170,"column":0},"end":{"line":null,"column":-1}},"40":{"start":{"line":171,"column":0},"end":{"line":173,"column":0}},"41":{"start":{"line":172,"column":0},"end":{"line":null,"column":-1}},"42":{"start":{"line":174,"column":0},"end":{"line":null,"column":-1}},"43":{"start":{"line":175,"column":0},"end":{"line":null,"column":-1}},"44":{"start":{"line":177,"column":0},"end":{"line":null,"column":-1}},"45":{"start":{"line":181,"column":0},"end":{"line":183,"column":0}},"46":{"start":{"line":182,"column":0},"end":{"line":null,"column":-1}},"47":{"start":{"line":184,"column":0},"end":{"line":null,"column":-1}},"48":{"start":{"line":185,"column":0},"end":{"line":null,"column":-1}},"49":{"start":{"line":187,"column":0},"end":{"line":null,"column":-1}},"50":{"start":{"line":188,"column":0},"end":{"line":190,"column":0}},"51":{"start":{"line":189,"column":0},"end":{"line":null,"column":-1}},"52":{"start":{"line":193,"column":0},"end":{"line":null,"column":-1}},"53":{"start":{"line":194,"column":0},"end":{"line":null,"column":-1}},"54":{"start":{"line":197,"column":0},"end":{"line":null,"column":-1}},"55":{"start":{"line":202,"column":0},"end":{"line":null,"column":-1}},"56":{"start":{"line":203,"column":0},"end":{"line":null,"column":-1}},"57":{"start":{"line":205,"column":0},"end":{"line":null,"column":-1}},"58":{"start":{"line":206,"column":0},"end":{"line":null,"column":-1}},"59":{"start":{"line":207,"column":0},"end":{"line":219,"column":0}},"60":{"start":{"line":208,"column":0},"end":{"line":217,"column":0}},"61":{"start":{"line":210,"column":0},"end":{"line":null,"column":-1}},"62":{"start":{"line":211,"column":0},"end":{"line":null,"column":-1}},"63":{"start":{"line":212,"column":0},"end":{"line":null,"column":-1}},"64":{"start":{"line":213,"column":0},"end":{"line":null,"column":-1}},"65":{"start":{"line":214,"column":0},"end":{"line":null,"column":-1}},"66":{"start":{"line":215,"column":0},"end":{"line":null,"column":-1}},"67":{"start":{"line":216,"column":0},"end":{"line":null,"column":-1}},"68":{"start":{"line":220,"column":0},"end":{"line":null,"column":-1}},"69":{"start":{"line":222,"column":0},"end":{"line":null,"column":-1}},"70":{"start":{"line":223,"column":0},"end":{"line":null,"column":-1}},"71":{"start":{"line":230,"column":0},"end":{"line":244,"column":0}},"72":{"start":{"line":231,"column":0},"end":{"line":null,"column":-1}},"73":{"start":{"line":232,"column":0},"end":{"line":241,"column":0}},"74":{"start":{"line":233,"column":0},"end":{"line":235,"column":0}},"75":{"start":{"line":234,"column":0},"end":{"line":null,"column":-1}},"76":{"start":{"line":236,"column":0},"end":{"line":null,"column":-1}},"77":{"start":{"line":238,"column":0},"end":{"line":null,"column":-1}},"78":{"start":{"line":240,"column":0},"end":{"line":null,"column":-1}},"79":{"start":{"line":243,"column":0},"end":{"line":null,"column":-1}},"80":{"start":{"line":246,"column":0},"end":{"line":null,"column":-1}},"81":{"start":{"line":247,"column":0},"end":{"line":null,"column":-1}},"82":{"start":{"line":248,"column":0},"end":{"line":null,"column":-1}},"83":{"start":{"line":249,"column":0},"end":{"line":null,"column":-1}},"84":{"start":{"line":255,"column":0},"end":{"line":271,"column":0}},"85":{"start":{"line":256,"column":0},"end":{"line":null,"column":-1}},"86":{"start":{"line":257,"column":0},"end":{"line":268,"column":0}},"87":{"start":{"line":258,"column":0},"end":{"line":260,"column":0}},"88":{"start":{"line":259,"column":0},"end":{"line":null,"column":-1}},"89":{"start":{"line":261,"column":0},"end":{"line":null,"column":-1}},"90":{"start":{"line":265,"column":0},"end":{"line":null,"column":-1}},"91":{"start":{"line":267,"column":0},"end":{"line":null,"column":-1}},"92":{"start":{"line":270,"column":0},"end":{"line":null,"column":-1}},"93":{"start":{"line":272,"column":0},"end":{"line":null,"column":-1}},"94":{"start":{"line":275,"column":0},"end":{"line":278,"column":0}},"95":{"start":{"line":276,"column":0},"end":{"line":null,"column":-1}},"96":{"start":{"line":277,"column":0},"end":{"line":null,"column":-1}},"97":{"start":{"line":279,"column":0},"end":{"line":282,"column":0}},"98":{"start":{"line":280,"column":0},"end":{"line":null,"column":-1}},"99":{"start":{"line":281,"column":0},"end":{"line":null,"column":-1}},"100":{"start":{"line":283,"column":0},"end":{"line":286,"column":0}},"101":{"start":{"line":284,"column":0},"end":{"line":null,"column":-1}},"102":{"start":{"line":285,"column":0},"end":{"line":null,"column":-1}},"103":{"start":{"line":287,"column":0},"end":{"line":null,"column":-1}},"104":{"start":{"line":288,"column":0},"end":{"line":null,"column":-1}},"105":{"start":{"line":289,"column":0},"end":{"line":null,"column":-1}},"106":{"start":{"line":292,"column":0},"end":{"line":295,"column":0}},"107":{"start":{"line":293,"column":0},"end":{"line":null,"column":-1}},"108":{"start":{"line":294,"column":0},"end":{"line":null,"column":-1}},"109":{"start":{"line":296,"column":0},"end":{"line":299,"column":0}},"110":{"start":{"line":297,"column":0},"end":{"line":null,"column":-1}},"111":{"start":{"line":298,"column":0},"end":{"line":null,"column":-1}},"112":{"start":{"line":300,"column":0},"end":{"line":null,"column":-1}},"113":{"start":{"line":301,"column":0},"end":{"line":null,"column":-1}},"114":{"start":{"line":302,"column":0},"end":{"line":null,"column":-1}},"115":{"start":{"line":303,"column":0},"end":{"line":null,"column":-1}},"116":{"start":{"line":305,"column":0},"end":{"line":null,"column":-1}},"117":{"start":{"line":306,"column":0},"end":{"line":309,"column":0}},"118":{"start":{"line":307,"column":0},"end":{"line":null,"column":-1}},"119":{"start":{"line":308,"column":0},"end":{"line":null,"column":-1}},"120":{"start":{"line":310,"column":0},"end":{"line":313,"column":0}},"121":{"start":{"line":311,"column":0},"end":{"line":null,"column":-1}},"122":{"start":{"line":312,"column":0},"end":{"line":null,"column":-1}},"123":{"start":{"line":314,"column":0},"end":{"line":331,"column":0}},"124":{"start":{"line":315,"column":0},"end":{"line":null,"column":-1}},"125":{"start":{"line":318,"column":0},"end":{"line":null,"column":-1}},"126":{"start":{"line":319,"column":0},"end":{"line":330,"column":0}},"127":{"start":{"line":320,"column":0},"end":{"line":null,"column":-1}},"128":{"start":{"line":321,"column":0},"end":{"line":327,"column":0}},"129":{"start":{"line":322,"column":0},"end":{"line":null,"column":-1}},"130":{"start":{"line":323,"column":0},"end":{"line":null,"column":-1}},"131":{"start":{"line":324,"column":0},"end":{"line":null,"column":-1}},"132":{"start":{"line":326,"column":0},"end":{"line":null,"column":-1}},"133":{"start":{"line":329,"column":0},"end":{"line":null,"column":-1}},"134":{"start":{"line":333,"column":0},"end":{"line":null,"column":-1}},"135":{"start":{"line":334,"column":0},"end":{"line":null,"column":-1}},"136":{"start":{"line":338,"column":0},"end":{"line":376,"column":0}},"137":{"start":{"line":339,"column":0},"end":{"line":375,"column":0}},"138":{"start":{"line":340,"column":0},"end":{"line":null,"column":-1}},"139":{"start":{"line":342,"column":0},"end":{"line":null,"column":-1}},"140":{"start":{"line":343,"column":0},"end":{"line":354,"column":0}},"141":{"start":{"line":344,"column":0},"end":{"line":null,"column":-1}},"142":{"start":{"line":345,"column":0},"end":{"line":351,"column":0}},"143":{"start":{"line":346,"column":0},"end":{"line":null,"column":-1}},"144":{"start":{"line":347,"column":0},"end":{"line":null,"column":-1}},"145":{"start":{"line":348,"column":0},"end":{"line":null,"column":-1}},"146":{"start":{"line":350,"column":0},"end":{"line":null,"column":-1}},"147":{"start":{"line":353,"column":0},"end":{"line":null,"column":-1}},"148":{"start":{"line":355,"column":0},"end":{"line":null,"column":-1}},"149":{"start":{"line":357,"column":0},"end":{"line":null,"column":-1}},"150":{"start":{"line":358,"column":0},"end":{"line":369,"column":0}},"151":{"start":{"line":359,"column":0},"end":{"line":null,"column":-1}},"152":{"start":{"line":360,"column":0},"end":{"line":366,"column":0}},"153":{"start":{"line":361,"column":0},"end":{"line":null,"column":-1}},"154":{"start":{"line":362,"column":0},"end":{"line":null,"column":-1}},"155":{"start":{"line":363,"column":0},"end":{"line":null,"column":-1}},"156":{"start":{"line":365,"column":0},"end":{"line":null,"column":-1}},"157":{"start":{"line":368,"column":0},"end":{"line":null,"column":-1}},"158":{"start":{"line":370,"column":0},"end":{"line":null,"column":-1}},"159":{"start":{"line":373,"column":0},"end":{"line":null,"column":-1}},"160":{"start":{"line":374,"column":0},"end":{"line":null,"column":-1}}},"fnMap":{"0":{"name":"data","decl":{"start":{"line":79,"column":0},"end":{"line":null,"column":-1}},"loc":{"start":{"line":79,"column":0},"end":{"line":null,"column":-1}}},"1":{"name":"mounted","decl":{"start":{"line":113,"column":0},"end":{"line":null,"column":-1}},"loc":{"start":{"line":113,"column":0},"end":{"line":119,"column":0}}},"2":{"name":"created","decl":{"start":{"line":120,"column":0},"end":{"line":null,"column":-1}},"loc":{"start":{"line":120,"column":0},"end":{"line":126,"column":0}}},"3":{"name":"changeTableSort","decl":{"start":{"line":128,"column":0},"end":{"line":null,"column":-1}},"loc":{"start":{"line":128,"column":0},"end":{"line":153,"column":0}}},"4":{"name":"(anonymous_5)","decl":{"start":{"line":134,"column":0},"end":{"line":null,"column":-1}},"loc":{"start":{"line":134,"column":0},"end":{"line":136,"column":0}}},"5":{"name":"(anonymous_6)","decl":{"start":{"line":141,"column":0},"end":{"line":null,"column":-1}},"loc":{"start":{"line":141,"column":0},"end":{"line":null,"column":-1}}},"6":{"name":"(anonymous_7)","decl":{"start":{"line":143,"column":0},"end":{"line":null,"column":-1}},"loc":{"start":{"line":143,"column":0},"end":{"line":null,"column":-1}}},"7":{"name":"(anonymous_8)","decl":{"start":{"line":147,"column":0},"end":{"line":null,"column":-1}},"loc":{"start":{"line":147,"column":0},"end":{"line":null,"column":-1}}},"8":{"name":"(anonymous_9)","decl":{"start":{"line":149,"column":0},"end":{"line":null,"column":-1}},"loc":{"start":{"line":149,"column":0},"end":{"line":null,"column":-1}}},"9":{"name":"closeDialog","decl":{"start":{"line":154,"column":0},"end":{"line":null,"column":-1}},"loc":{"start":{"line":154,"column":0},"end":{"line":157,"column":0}}},"10":{"name":"handleSelect","decl":{"start":{"line":158,"column":0},"end":{"line":null,"column":-1}},"loc":{"start":{"line":158,"column":0},"end":{"line":179,"column":0}}},"11":{"name":"width","decl":{"start":{"line":180,"column":0},"end":{"line":null,"column":-1}},"loc":{"start":{"line":180,"column":0},"end":{"line":186,"column":0}}},"12":{"name":"tableHeaderColor","decl":{"start":{"line":187,"column":0},"end":{"line":null,"column":-1}},"loc":{"start":{"line":187,"column":0},"end":{"line":191,"column":0}}},"13":{"name":"dealTableData","decl":{"start":{"line":192,"column":0},"end":{"line":null,"column":-1}},"loc":{"start":{"line":192,"column":0},"end":{"line":200,"column":0}}},"14":{"name":"pageChange","decl":{"start":{"line":201,"column":0},"end":{"line":null,"column":-1}},"loc":{"start":{"line":201,"column":0},"end":{"line":204,"column":0}}},"15":{"name":"getData","decl":{"start":{"line":205,"column":0},"end":{"line":null,"column":-1}},"loc":{"start":{"line":205,"column":0},"end":{"line":221,"column":0}}},"16":{"name":"(anonymous_17)","decl":{"start":{"line":208,"column":0},"end":{"line":null,"column":-1}},"loc":{"start":{"line":208,"column":0},"end":{"line":217,"column":0}}},"17":{"name":"getTableData","decl":{"start":{"line":222,"column":0},"end":{"line":null,"column":-1}},"loc":{"start":{"line":222,"column":0},"end":{"line":273,"column":0}}},"18":{"name":"(anonymous_19)","decl":{"start":{"line":230,"column":0},"end":{"line":null,"column":-1}},"loc":{"start":{"line":230,"column":0},"end":{"line":242,"column":0}}},"19":{"name":"(anonymous_20)","decl":{"start":{"line":242,"column":0},"end":{"line":null,"column":-1}},"loc":{"start":{"line":242,"column":0},"end":{"line":244,"column":0}}},"20":{"name":"(anonymous_21)","decl":{"start":{"line":255,"column":0},"end":{"line":null,"column":-1}},"loc":{"start":{"line":255,"column":0},"end":{"line":269,"column":0}}},"21":{"name":"(anonymous_22)","decl":{"start":{"line":269,"column":0},"end":{"line":null,"column":-1}},"loc":{"start":{"line":269,"column":0},"end":{"line":271,"column":0}}},"22":{"name":"createInfor","decl":{"start":{"line":274,"column":0},"end":{"line":null,"column":-1}},"loc":{"start":{"line":274,"column":0},"end":{"line":290,"column":0}}},"23":{"name":"editline","decl":{"start":{"line":291,"column":0},"end":{"line":null,"column":-1}},"loc":{"start":{"line":291,"column":0},"end":{"line":304,"column":0}}},"24":{"name":"deleteline","decl":{"start":{"line":305,"column":0},"end":{"line":null,"column":-1}},"loc":{"start":{"line":305,"column":0},"end":{"line":332,"column":0}}},"25":{"name":"(anonymous_26)","decl":{"start":{"line":319,"column":0},"end":{"line":null,"column":-1}},"loc":{"start":{"line":319,"column":0},"end":{"line":328,"column":0}}},"26":{"name":"(anonymous_27)","decl":{"start":{"line":328,"column":0},"end":{"line":null,"column":-1}},"loc":{"start":{"line":328,"column":0},"end":{"line":330,"column":0}}},"27":{"name":"submit","decl":{"start":{"line":333,"column":0},"end":{"line":null,"column":-1}},"loc":{"start":{"line":333,"column":0},"end":{"line":377,"column":0}}},"28":{"name":"(anonymous_29)","decl":{"start":{"line":338,"column":0},"end":{"line":null,"column":-1}},"loc":{"start":{"line":338,"column":0},"end":{"line":376,"column":0}}},"29":{"name":"(anonymous_30)","decl":{"start":{"line":343,"column":0},"end":{"line":null,"column":-1}},"loc":{"start":{"line":343,"column":0},"end":{"line":352,"column":0}}},"30":{"name":"(anonymous_31)","decl":{"start":{"line":352,"column":0},"end":{"line":null,"column":-1}},"loc":{"start":{"line":352,"column":0},"end":{"line":354,"column":0}}},"31":{"name":"(anonymous_32)","decl":{"start":{"line":358,"column":0},"end":{"line":null,"column":-1}},"loc":{"start":{"line":358,"column":0},"end":{"line":367,"column":0}}},"32":{"name":"(anonymous_33)","decl":{"start":{"line":367,"column":0},"end":{"line":null,"column":-1}},"loc":{"start":{"line":367,"column":0},"end":{"line":369,"column":0}}}},"branchMap":{"0":{"loc":{"start":{"line":114,"column":0},"end":{"line":117,"column":0}},"type":"if","locations":[{"start":{"line":114,"column":0},"end":{"line":117,"column":0}},{"start":{"line":114,"column":0},"end":{"line":117,"column":0}}]},"1":{"loc":{"start":{"line":133,"column":0},"end":{"line":137,"column":0}},"type":"if","locations":[{"start":{"line":133,"column":0},"end":{"line":137,"column":0}},{"start":{"line":133,"column":0},"end":{"line":137,"column":0}}]},"2":{"loc":{"start":{"line":139,"column":0},"end":{"line":151,"column":0}},"type":"if","locations":[{"start":{"line":139,"column":0},"end":{"line":151,"column":0}},{"start":{"line":139,"column":0},"end":{"line":151,"column":0}}]},"3":{"loc":{"start":{"line":140,"column":0},"end":{"line":144,"column":0}},"type":"if","locations":[{"start":{"line":140,"column":0},"end":{"line":144,"column":0}},{"start":{"line":140,"column":0},"end":{"line":144,"column":0}}]},"4":{"loc":{"start":{"line":146,"column":0},"end":{"line":150,"column":0}},"type":"if","locations":[{"start":{"line":146,"column":0},"end":{"line":150,"column":0}},{"start":{"line":146,"column":0},"end":{"line":150,"column":0}}]},"5":{"loc":{"start":{"line":164,"column":0},"end":{"line":178,"column":0}},"type"
[...]
umn":0}}]},"20":{"loc":{"start":{"line":439,"column":0},"end":{"line":445,"column":0}},"type":"if","locations":[{"start":{"line":439,"column":0},"end":{"line":445,"column":0}},{"start":{"line":439,"column":0},"end":{"line":445,"column":0}}]},"21":{"loc":{"start":{"line":439,"column":0},"end":{"line":null,"column":-1}},"type":"binary-expr","locations":[{"start":{"line":439,"column":0},"end":{"line":null,"column":-1}},{"start":{"line":439,"column":0},"end":{"line":null,"column":-1}}]},"22":{"loc":{"start":{"line":441,"column":0},"end":{"line":445,"column":0}},"type":"if","locations":[{"start":{"line":441,"column":0},"end":{"line":445,"column":0}},{"start":{"line":441,"column":0},"end":{"line":445,"column":0}}]},"23":{"loc":{"start":{"line":441,"column":0},"end":{"line":null,"column":-1}},"type":"binary-expr","locations":[{"start":{"line":441,"column":0},"end":{"line":null,"column":-1}},{"start":{"line":441,"column":0},"end":{"line":null,"column":-1}}]},"24":{"loc":{"start":{"line":448,"column":0},"end":{"line":450,"column":0}},"type":"if","locations":[{"start":{"line":448,"column":0},"end":{"line":450,"column":0}},{"start":{"line":448,"column":0},"end":{"line":450,"column":0}}]},"25":{"loc":{"start":{"line":487,"column":0},"end":{"line":496,"column":0}},"type":"if","locations":[{"start":{"line":487,"column":0},"end":{"line":496,"column":0}},{"start":{"line":487,"column":0},"end":{"line":496,"column":0}}]},"26":{"loc":{"start":{"line":504,"column":0},"end":{"line":507,"column":0}},"type":"if","locations":[{"start":{"line":504,"column":0},"end":{"line":507,"column":0}},{"start":{"line":504,"column":0},"end":{"line":507,"column":0}}]},"27":{"loc":{"start":{"line":504,"column":0},"end":{"line":null,"column":-1}},"type":"binary-expr","locations":[{"start":{"line":504,"column":0},"end":{"line":null,"column":-1}},{"start":{"line":504,"column":0},"end":{"line":null,"column":-1}}]},"28":{"loc":{"start":{"line":508,"column":0},"end":{"line":523,"column":0}},"type":"if","locations":[{"start":{"line":508,"column":0},"end":{"line":523,"column":0}},{"start":{"line":508,"column":0},"end":{"line":523,"column":0}}]},"29":{"loc":{"start":{"line":514,"column":0},"end":{"line":519,"column":0}},"type":"if","locations":[{"start":{"line":514,"column":0},"end":{"line":519,"column":0}},{"start":{"line":514,"column":0},"end":{"line":519,"column":0}}]},"30":{"loc":{"start":{"line":530,"column":0},"end":{"line":534,"column":0}},"type":"if","locations":[{"start":{"line":530,"column":0},"end":{"line":534,"column":0}},{"start":{"line":530,"column":0},"end":{"line":534,"column":0}}]},"31":{"loc":{"start":{"line":536,"column":0},"end":{"line":584,"column":0}},"type":"if","locations":[{"start":{"line":536,"column":0},"end":{"line":584,"column":0}},{"start":{"line":536,"column":0},"end":{"line":584,"column":0}}]},"32":{"loc":{"start":{"line":537,"column":0},"end":{"line":541,"column":0}},"type":"if","locations":[{"start":{"line":537,"column":0},"end":{"line":541,"column":0}},{"start":{"line":537,"column":0},"end":{"line":541,"column":0}}]},"33":{"loc":{"start":{"line":542,"column":0},"end":{"line":584,"column":0}},"type":"if","locations":[{"start":{"line":542,"column":0},"end":{"line":584,"column":0}},{"start":{"line":542,"column":0},"end":{"line":584,"column":0}}]},"34":{"loc":{"start":{"line":543,"column":0},"end":{"line":547,"column":0}},"type":"if","locations":[{"start":{"line":543,"column":0},"end":{"line":547,"column":0}},{"start":{"line":543,"column":0},"end":{"line":547,"column":0}}]},"35":{"loc":{"start":{"line":548,"column":0},"end":{"line":584,"column":0}},"type":"if","locations":[{"start":{"line":548,"column":0},"end":{"line":584,"column":0}},{"start":{"line":548,"column":0},"end":{"line":584,"column":0}}]},"36":{"loc":{"start":{"line":549,"column":0},"end":{"line":553,"column":0}},"type":"if","locations":[{"start":{"line":549,"column":0},"end":{"line":553,"column":0}},{"start":{"line":549,"column":0},"end":{"line":553,"column":0}}]},"37":{"loc":{"start":{"line":554,"column":0},"end":{"line":584,"column":0}},"type":"if","locations":[{"start":{"line":554,"column":0},"end":{"line":584,"column":0}},{"start":{"line":554,"column":0},"end":{"line":584,"column":0}}]},"38":{"loc":{"start":{"line":555,"column":0},"end":{"line":559,"column":0}},"type":"if","locations":[{"start":{"line":555,"column":0},"end":{"line":559,"column":0}},{"start":{"line":555,"column":0},"end":{"line":559,"column":0}}]},"39":{"loc":{"start":{"line":560,"column":0},"end":{"line":584,"column":0}},"type":"if","locations":[{"start":{"line":560,"column":0},"end":{"line":584,"column":0}},{"start":{"line":560,"column":0},"end":{"line":584,"column":0}}]},"40":{"loc":{"start":{"line":561,"column":0},"end":{"line":565,"column":0}},"type":"if","locations":[{"start":{"line":561,"column":0},"end":{"line":565,"column":0}},{"start":{"line":561,"column":0},"end":{"line":565,"column":0}}]},"41":{"loc":{"start":{"line":566,"column":0},"end":{"line":584,"column":0}},"type":"if","locations":[{"start":{"line":566,"column":0},"end":{"line":584,"column":0}},{"start":{"line":566,"column":0},"end":{"line":584,"column":0}}]},"42":{"loc":{"start":{"line":567,"column":0},"end":{"line":571,"column":0}},"type":"if","locations":[{"start":{"line":567,"column":0},"end":{"line":571,"column":0}},{"start":{"line":567,"column":0},"end":{"line":571,"column":0}}]},"43":{"loc":{"start":{"line":572,"column":0},"end":{"line":584,"column":0}},"type":"if","locations":[{"start":{"line":572,"column":0},"end":{"line":584,"column":0}},{"start":{"line":572,"column":0},"end":{"line":584,"column":0}}]},"44":{"loc":{"start":{"line":573,"column":0},"end":{"line":577,"column":0}},"type":"if","locations":[{"start":{"line":573,"column":0},"end":{"line":577,"column":0}},{"start":{"line":573,"column":0},"end":{"line":577,"column":0}}]},"45":{"loc":{"start":{"line":579,"column":0},"end":{"line":583,"column":0}},"type":"if","locations":[{"start":{"line":579,"column":0},"end":{"line":583,"column":0}},{"start":{"line":579,"column":0},"end":{"line":583,"column":0}}]},"46":{"loc":{"start":{"line":615,"column":0},"end":{"line":629,"column":0}},"type":"if","locations":[{"start":{"line":615,"column":0},"end":{"line":629,"column":0}},{"start":{"line":615,"column":0},"end":{"line":629,"column":0}}]},"47":{"loc":{"start":{"line":632,"column":0},"end":{"line":634,"column":0}},"type":"if","locations":[{"start":{"line":632,"column":0},"end":{"line":634,"column":0}},{"start":{"line":632,"column":0},"end":{"line":634,"column":0}}]},"48":{"loc":{"start":{"line":639,"column":0},"end":{"line":641,"column":0}},"type":"if","locations":[{"start":{"line":639,"column":0},"end":{"line":641,"column":0}},{"start":{"line":639,"column":0},"end":{"line":641,"column":0}}]},"49":{"loc":{"start":{"line":665,"column":0},"end":{"line":null,"column":-1}},"type":"cond-expr","locations":[{"start":{"line":665,"column":0},"end":{"line":null,"column":-1}},{"start":{"line":665,"column":0},"end":{"line":null,"column":-1}}]},"50":{"loc":{"start":{"line":667,"column":0},"end":{"line":679,"column":0}},"type":"if","locations":[{"start":{"line":667,"column":0},"end":{"line":679,"column":0}},{"start":{"line":667,"column":0},"end":{"line":679,"column":0}}]},"51":{"loc":{"start":{"line":667,"column":0},"end":{"line":null,"column":-1}},"type":"binary-expr","locations":[{"start":{"line":667,"column":0},"end":{"line":null,"column":-1}},{"start":{"line":667,"column":0},"end":{"line":null,"column":-1}}]},"52":{"loc":{"start":{"line":673,"column":0},"end":{"line":675,"column":0}},"type":"if","locations":[{"start":{"line":673,"column":0},"end":{"line":675,"column":0}},{"start":{"line":673,"column":0},"end":{"line":675,"column":0}}]},"53":{"loc":{"start":{"line":692,"column":0},"end":{"line":701,"column":0}},"type":"if","locations":[{"start":{"line":692,"column":0},"end":{"line":701,"column":0}},{"start":{"line":692,"column":0},"end":{"line":701,"column":0}}]},"54":{"loc":{"start":{"line":693,"column":0},"end":{"line":695,"column":0}},"type":"if","locations":[{"start":{"line":693,"column":0},"end":{"line":695,"column":0}},{"start":{"line":693,"column":0},"end":{"line":695,"column":0}}]},"55":{"loc":{"start":{"line":708,"column":0},"end":{"line":715,"column":0}},"type":"if","locations":[{"start":{"line":708,"column":0},"end":{"line":715,"column":0}},{"start":{"line":708,"column":0},"end":{"line":715,"column":0}}]},"56":{"loc":{"start":{"line":709,"column":0},"end":{"line":711,"column":0}},"type":"if","locations":[{"start":{"line":709,"column":0},"end":{"line":711,"column":0}},{"start":{"line":709,"column":0},"end":{"line":711,"column":0}}]},"57":{"loc":{"start":{"line":741,"column":0},"end":{"line":752,"column":0}},"type":"if","locations":[{"start":{"line":741,"column":0},"end":{"line":752,"column":0}},{"start":{"line":741,"column":0},"end":{"line":752,"column":0}}]},"58":{"loc":{"start":{"line":742,"column":0},"end":{"line":744,"column":0}},"type":"if","locations":[{"start":{"line":742,"column":0},"end":{"line":744,"column":0}},{"start":{"line":742,"column":0},"end":{"line":744,"column":0}}]},"59":{"loc":{"start":{"line":761,"column":0},"end":{"line":768,"column":0}},"type":"if","locations":[{"start":{"line":761,"column":0},"end":{"line":768,"column":0}},{"start":{"line":761,"column":0},"end":{"line":768,"column":0}}]},"60":{"loc":{"start":{"line":778,"column":0},"end":{"line":781,"column":0}},"type":"if","locations":[{"start":{"line":778,"column":0},"end":{"line":781,"column":0}},{"start":{"line":778,"column":0},"end":{"line":781,"column":0}}]},"61":{"loc":{"start":{"line":778,"column":0},"end":{"line":null,"column":-1}},"type":"binary-expr","locations":[{"start":{"line":778,"column":0},"end":{"line":null,"column":-1}},{"start":{"line":778,"column":0},"end":{"line":null,"column":-1}}]},"62":{"loc":{"start":{"line":789,"column":0},"end":{"line":793,"column":0}},"type":"if","locations":[{"start":{"line":789,"column":0},"end":{"line":793,"column":0}},{"start":{"line":789,"column":0},"end":{"line":793,"column":0}}]},"63":{"loc":{"start":{"line":796,"column":0},"end":{"line":809,"column":0}},"type":"if","locations":[{"start":{"line":796,"column":0},"end":{"line":809,"column":0}},{"start":{"line":796,"column":0},"end":{"line":809,"column":0}}]},"64":{"loc":{"start":{"line":796,"column":0},"end":{"line":null,"column":-1}},"type":"binary-expr","locations":[{"start":{"line":796,"column":0},"end":{"line":null,"column":-1}},{"start":{"line":796,"column":0},"end":{"line":null,"column":-1}}]},"65":{"loc":{"start":{"line":818,"column":0},"end":{"line":821,"column":0}},"type":"if","locations":[{"start":{"line":818,"column":0},"end":{"line":821,"column":0}},{"start":{"line":818,"column":0},"end":{"line":821,"column":0}}]},"66":{"loc":{"start":{"line":818,"column":0},"end":{"line":null,"column":-1}},"type":"binary-expr","locations":[{"start":{"line":818,"column":0},"end":{"line":null,"column":-1}},{"start":{"line":818,"column":0},"end":{"line":null,"column":-1}}]},"67":{"loc":{"start":{"line":823,"column":0},"end":{"line":826,"column":0}},"type":"if","locations":[{"start":{"line":823,"column":0},"end":{"line":826,"column":0}},{"start":{"line":823,"column":0},"end":{"line":826,"column":0}}]},"68":{"loc":{"start":{"line":827,"column":0},"end":{"line":842,"column":0}},"type":"if","locations":[{"start":{"line":827,"column":0},"end":{"line":842,"column":0}},{"start":{"line":827,"column":0},"end":{"line":842,"column":0}}]},"69":{"loc":{"start":{"line":833,"column":0},"end":{"line":838,"column":0}},"type":"if","locations":[{"start":{"line":833,"column":0},"end":{"line":838,"column":0}},{"start":{"line":833,"column":0},"end":{"line":838,"column":0}}]},"70":{"loc":{"start":{"line":856,"column":0},"end":{"line":908,"column":0}},"type":"if","locations":[{"start":{"line":856,"column":0},"end":{"line":908,"column":0}},{"start":{"line":856,"column":0},"end":{"line":908,"column":0}}]},"71":{"loc":{"start":{"line":858,"column":0},"end":{"line":880,"column":0}},"type":"switch","locations":[{"start":{"line":858,"column":0},"end":{"line":880,"column":0}},{"start":{"line":881,"column":0},"end":{"line":903,"column":0}}]},"72":{"loc":{"start":{"line":860,"column":0},"end":{"line":862,"column":0}},"type":"if","locations":[{"start":{"line":860,"column":0},"end":{"line":862,"column":0}},{"start":{"line":860,"column":0},"end":{"line":862,"column":0}}]},"73":{"loc":{"start":{"line":865,"column":0},"end":{"line":876,"column":0}},"type":"if","locations":[{"start":{"line":865,"column":0},"end":{"line":876,"column":0}},{"start":{"line":865,"column":0},"end":{"line":876,"column":0}}]},"74":{"loc":{"start":{"line":883,"column":0},"end":{"line":885,"column":0}},"type":"if","locations":[{"start":{"line":883,"column":0},"end":{"line":885,"column":0}},{"start":{"line":883,"column":0},"end":{"line":885,"column":0}}]},"75":{"loc":{"start":{"line":888,"column":0},"end":{"line":899,"column":0}},"type":"if","locations":[{"start":{"line":888,"column":0},"end":{"line":899,"column":0}},{"start":{"line":888,"column":0},"end":{"line":899,"column":0}}]}},"s":{"0":0,"1":0,"2":0,"3":0,"4":0,"5":0,"6":0,"7":0,"8":0,"9":0,"10":0,"11":0,"12":0,"13":0,"14":0,"15":0,"16":0,"17":0,"18":0,"19":0,"20":0,"21":0,"22":0,"23":0,"24":0,"25":0,"26":0,"27":0,"28":0,"29":0,"30":0,"31":0,"32":0,"33":0,"34":0,"35":0,"36":0,"37":0,"38":0,"39":0,"40":0,"41":0,"42":0,"43":0,"44":0,"45":0,"46":0,"47":0,"48":0,"49":0,"50":0,"51":0,"52":0,"53":0,"54":0,"55":0,"56":0,"57":0,"58":0,"59":0,"60":0,"61":0,"62":0,"63":0,"64":0,"65":0,"66":0,"67":0,"68":0,"69":0,"70":0,"71":0,"72":0,"73":0,"74":0,"75":0,"76":0,"77":0,"78":0,"79":0,"80":0,"81":0,"82":0,"83":0,"84":0,"85":0,"86":0,"87":0,"88":0,"89":0,"90":0,"91":0,"92":0,"93":0,"94":0,"95":0,"96":0,"97":0,"98":0,"99":0,"100":0,"101":0,"102":0,"103":0,"104":0,"105":0,"106":0,"107":0,"108":0,"109":0,"110":0,"111":0,"112":0,"113":0,"114":0,"115":0,"116":0,"117":0,"118":0,"119":0,"120":0,"121":0,"122":0,"123":0,"124":0,"125":0,"126":0,"127":0,"128":0,"129":0,"130":0,"131":0,"132":0,"133":0,"134":0,"135":0,"136":0,"137":0,"138":0,"139":0,"140":0,"141":0,"142":0,"143":0,"144":0,"145":0,"146":0,"147":0,"148":0,"149":0,"150":0,"151":0,"152":0,"153":0,"154":0,"155":0,"156":0,"157":0,"158":0,"159":0,"160":0,"161":0,"162":0,"163":0,"164":0,"165":0,"166":0,"167":0,"168":0,"169":0,"170":0,"171":0,"172":0,"173":0,"174":0,"175":0,"176":0,"177":0,"178":0,"179":0,"180":0,"181":0,"182":0,"183":0,"184":0,"185":0,"186":0,"187":0,"188":0,"189":0,"190":0,"191":0,"192":0,"193":0,"194":0,"195":0,"196":0,"197":0,"198":0,"199":0,"200":0,"201":0,"202":0,"203":0,"204":0,"205":0,"206":0,"207":0,"208":0,"209":0,"210":0,"211":0,"212":0,"213":0,"214":0,"215":0,"216":0,"217":0,"218":0,"219":0,"220":0,"221":0,"222":0,"223":0,"224":0,"225":0,"226":0,"227":0,"228":0,"229":0,"230":0,"231":0,"232":0,"233":0,"234":0,"235":0,"236":0,"237":0,"238":0,"239":0,"240":0,"241":0,"242":0,"243":0,"244":0,"245":0,"246":0,"247":0,"248":0,"249":0,"250":0,"251":0,"252":0,"253":0,"254":0,"255":0,"256":0,"257":0,"258":0,"259":0,"260":0,"261":0,"262":0,"263":0,"264":0,"265":0,"266":0,"267":0,"268":0,"269":0,"270":0,"271":0,"272":0,"273":0,"274":0,"275":0,"276":0,"277":0,"278":0,"279":0,"280":0,"281":0,"282":0,"283":0,"284":0,"285":0,"286":0,"287":0,"288":0,"289":0,"290":0,"291":0,"292":0,"293":0,"294":0,"295":0,"296":0,"297":0,"298":0,"299":0,"300":0,"301":0,"302":0,"303":0,"304":0,"305":0,"306":0,"307":0,"308":0,"309":0,"310":0,"311":0,"312":0,"313":0,"314":0,"315":0,"316":0,"317":0,"318":0,"319":0,"320":0,"321":0,"322":0,"323":0,"324":0,"325":0,"326":0,"327":0,"328":0,"329":0,"330":0,"331":0,"332":0,"333":0,"334":0,"335":0,"336":0,"337":0,"338":0,"339":0,"340":0,"341":0,"342":0,"343":0,"344":0,"345":0,"346":0,"347":0,"348":0,"349":0,"350":0,"351":0,"352":0,"353":0,"354":0,"355":0,"356":0,"357":0,"358":0,"359":0,"360":0,"361":0,"362":0,"363":0,"364":0,"365":0,"366":0,"367":0,"368":0,"369":0,"370":0,"371":0,"372":0,"373":0,"374":0,"375":0,"376":0,"377":0,"378":0,"379":0,"380":0,"381":0,"382":0,"383":0,"384":0,"385":0,"386":0,"387":0,"388":0,"389":0,"390":0},"f":{"0":0,"1":0,"2":0,"3":0,"4":0,"5":0,"6":0,"7":0,"8":0,"9":0,"10":0,"11":0,"12":0,"13":0,"14":0,"15":0,"16":0,"17":0,"18":0,"19":0,"20":0,"21":0,"22":0,"23":0,"24":0,"25":0,"26":0,"27":0,"28":0,"29":0,"30":0,"31":0,"32":0,"33":0,"34":0,"35":0,"36":0,"37":0,"38":0,"39":0,"40":0,"41":0,"42":0,"43":0,"44":0,"45":0,"46":0,"47":0,"48":0,"49":0,"50":0,"51":0,"52":0,"53":0,"54":0,"55":0,"56":0,"57":0,"58":0,"59":0,"60":0,"61":0,"62":0,"63":0,"64":0,"65":0,"66":0,"67":0,"68":0,"69":0,"70":0,"71":0,"72":0,"73":0,"74":0,"75":0,"76":0,"77":0,"78":0,"79":0},"b":{"0":[0,0],"1":[0,0],"2":[0,0,0,0],"3":[0,0],"4":[0,0],"5":[0,0],"6":[0,0],"7":[0,0],"8":[0,0],"9":[0,0],"10":[0,0],"11":[0,0],"12":[0,0],"13":[0,0],"14":[0,0],"15":[0,0],"16":[0,0],"17":[0,0],"18":[0,0],"19":[0,0],"20":[0,0],"21":[0,0],"22":[0,0],"23":[0,0],"24":[0,0],"25":[0,0],"26":[0,0],"27":[0,0],"28":[0,0],"29":[0,0],"30":[0,0],"31":[0,0],"32":[0,0],"33":[0,0],"34":[0,0],"35":[0,0],"36":[0,0],"37":[0,0],"38":[0,0],"39":[0,0],"40":[0,0],"41":[0,0],"42":[0,0],"43":[0,0],"44":[0,0],"45":[0,0],"46":[0,0],"47":[0,0],"48":[0,0],"49":[0,0],"50":[0,0],"51":[0,0],"52":[0,0],"53":[0,0],"54":[0,0],"55":[0,0],"56":[0,0],"57":[0,0],"58":[0,0],"59":[0,0],"60":[0,0],"61":[0,0],"62":[0,0],"63":[0,0],"64":[0,0],"65":[0,0],"66":[0,0],"67":[0,0],"68":[0,0],"69":[0,0],"70":[0,0],"71":[0,0],"72":[0,0],"73":[0,0],"74":[0,0],"75":[0,0]}}
,"/Users/xiaolin/IdeaProjects/MANAGE/src/components/treeMenu/threeMenu.vue": {"path":"/Users/xiaolin/IdeaProjects/MANAGE/src/components/treeMenu/threeMenu.vue","statementMap":{"0":{"start":{"line":24,"column":0},"end":{"line":null,"column":-1}},"1":{"start":{"line":29,"column":0},"end":{"line":null,"column":-1}},"2":{"start":{"line":30,"column":0},"end":{"line":null,"column":-1}},"3":{"start":{"line":31,"column":0},"end":{"line":null,"column":-1}},"4":{"start":{"line":32,"column":0},"end":{"line":null,"column":-1}},"5":{"start":{"line":33,"column":0},"end":{"line":null,"column":-1}}},"fnMap":{"0":{"name":"data","decl":{"start":{"line":23,"column":0},"end":{"line":null,"column":-1}},"loc":{"start":{"line":23,"column":0},"end":{"line":25,"column":0}}},"1":{"name":"goPath","decl":{"start":{"line":27,"column":0},"end":{"line":null,"column":-1}},"loc":{"start":{"line":27,"column":0},"end":{"line":34,"column":0}}}},"branchMap":{},"s":{"0":0,"1":0,"2":0,"3":0,"4":0,"5":0},"f":{"0":0,"1":0},"b":{}}
,"/Users/xiaolin/IdeaProjects/MANAGE/src/components/treeMenu/treeMenu.vue": {"path":"/Users/xiaolin/IdeaProjects/MANAGE/src/components/treeMenu/treeMenu.vue","statementMap":{"0":{"start":{"line":43,"column":0},"end":{"line":null,"column":-1}},"1":{"start":{"line":51,"column":0},"end":{"line":null,"column":-1}},"2":{"start":{"line":56,"column":0},"end":{"line":58,"column":0}},"3":{"start":{"line":57,"column":0},"end":{"line":null,"column":-1}}},"fnMap":{"0":{"name":"data","decl":{"start":{"line":42,"column":0},"end":{"line":null,"column":-1}},"loc":{"start":{"line":42,"column":0},"end":{"line":48,"column":0}}},"1":{"name":"isFolder","decl":{"start":{"line":50,"column":0},"end":{"line":null,"column":-1}},"loc":{"start":{"line":50,"column":0},"end":{"line":52,"column":0}}},"2":{"name":"toggle","decl":{"start":{"line":55,"column":0},"end":{"line":null,"column":-1}},"loc":{"start":{"line":55,"column":0},"end":{"line":59,"column":0}}}},"branchMap":{"0":{"loc":{"start":{"line":51,"column":0},"end":{"line":null,"column":-1}},"type":"binary-expr","locations":[{"start":{"line":51,"column":0},"end":{"line":null,"column":-1}},{"start":{"line":51,"column":0},"end":{"line":null,"column":-1}}]},"1":{"loc":{"start":{"line":56,"column":0},"end":{"line":58,"column":0}},"type":"if","locations":[{"start":{"line":56,"column":0},"end":{"line":58,"column":0}},{"start":{"line":56,"column":0},"end":{"line":58,"column":0}}]}},"s":{"0":0,"1":0,"2":0,"3":0},"f":{"0":0,"1":0,"2":0},"b":{"0":[0,0],"1":[0,0]}}
}
