TN:
SF:/Users/xiaolin/IdeaProjects/MANAGE/src/App.vue
FN:11,provide
FN:16,data
FN:22,reload
FN:24,(anonymous_4)
FNF:4
FNH:0
FNDA:0,provide
FNDA:0,data
FNDA:0,reload
FNDA:0,(anonymous_4)
DA:12,0
DA:17,0
DA:22,0
DA:23,0
DA:24,0
DA:25,0
LF:6
LH:0
BRF:0
BRH:0
end_of_record
TN:
SF:/Users/xiaolin/IdeaProjects/MANAGE/src/api/global_variable.js
FNF:0
FNH:0
DA:1,0
DA:2,0
DA:3,0
DA:4,0
DA:5,0
DA:6,0
DA:7,0
DA:8,0
DA:9,0
DA:10,0
LF:10
LH:0
BRF:0
BRH:0
end_of_record
TN:
SF:/Users/xiaolin/IdeaProjects/MANAGE/src/components/js/beforeEnter.js
FN:3,beforeEnter
FN:19,(anonymous_1)
FN:28,(anonymous_2)
FN:39,getData
FNF:4
FNH:0
FNDA:0,beforeEnter
FNDA:0,(anonymous_1)
FNDA:0,(anonymous_2)
FNDA:0,getData
DA:1,0
DA:4,0
DA:5,0
DA:6,0
DA:7,0
DA:8,0
DA:9,0
DA:11,0
DA:12,0
DA:13,0
DA:14,0
DA:15,0
DA:19,0
DA:20,0
DA:21,0
DA:22,0
DA:23,0
DA:25,0
DA:29,0
DA:33,0
DA:37,0
DA:39,0
DA:40,0
DA:41,0
DA:42,0
DA:43,0
DA:44,0
DA:45,0
DA:46,0
DA:47,0
DA:48,0
DA:50,0
LF:32
LH:0
BRDA:5,0,0,0
BRDA:5,0,1,0
BRDA:5,1,0,0
BRDA:5,1,1,0
BRDA:8,2,0,0
BRDA:8,2,1,0
BRDA:8,3,0,0
BRDA:8,3,1,0
BRDA:12,4,0,0
BRDA:12,4,1,0
BRDA:21,5,0,0
BRDA:21,5,1,0
BRDA:22,6,0,0
BRDA:22,6,1,0
BRDA:39,7,0,0
BRDA:39,7,1,0
BRDA:39,8,0,0
BRDA:39,8,1,0
BRDA:41,9,0,0
BRDA:41,9,1,0
BRDA:41,10,0,0
BRDA:41,10,1,0
BRDA:46,11,0,0
BRDA:46,11,1,0
BRF:24
BRH:0
end_of_record
TN:
SF:/Users/xiaolin/IdeaProjects/MANAGE/src/components/js/http.js
FN:5,post
FN:16,(anonymous_2)
FN:19,(anonymous_3)
FN:21,(anonymous_4)
FNF:4
FNH:0
FNDA:0,post
FNDA:0,(anonymous_2)
FNDA:0,(anonymous_3)
FNDA:0,(anonymous_4)
DA:1,0
DA:3,0
DA:6,0
DA:7,0
DA:8,0
DA:9,0
DA:10,0
DA:11,0
DA:16,0
DA:17,0
DA:20,0
DA:22,0
LF:12
LH:0
BRF:0
BRH:0
end_of_record
TN:
SF:/Users/xiaolin/IdeaProjects/MANAGE/src/components/js/http2.js
FN:3,syncPost
FN:21,beforeSend
FN:24,success
FN:28,error
FNF:4
FNH:0
FNDA:0,syncPost
FNDA:0,beforeSend
FNDA:0,success
FNDA:0,error
DA:1,0
DA:4,0
DA:5,0
DA:6,0
DA:7,0
DA:8,0
DA:9,0
DA:14,0
DA:22,0
DA:25,0
DA:26,0
DA:29,0
DA:30,0
LF:13
LH:0
BRF:0
BRH:0
end_of_record
TN:
SF:/Users/xiaolin/IdeaProjects/MANAGE/src/components/js/md5.js
FN:22,hexMd5
FN:23,b64Md5
FN:24,strMd5
FN:25,hexHmacMd5
FN:26,b64HmacMd5
FN:32,(anonymous_6)
FN:44,coreMd5
FN:139,md5Cmn
FN:142,md5Ff
FN:145,md5Gg
FN:148,md5Hh
FN:151,md5Ii
FN:158,coreHmacMd5
FN:179,safeAdd
FN:188,bitRol
FN:196,str2binl
FN:207,binl2str
FN:217,binl2hex
FN:230,binl2b64
FNF:19
FNH:0
FNDA:0,hexMd5
FNDA:0,b64Md5
FNDA:0,strMd5
FNDA:0,hexHmacMd5
FNDA:0,b64HmacMd5
FNDA:0,(anonymous_6)
FNDA:0,coreMd5
FNDA:0,md5Cmn
FNDA:0,md5Ff
FNDA:0,md5Gg
FNDA:0,md5Hh
FNDA:0,md5Ii
FNDA:0,coreHmacMd5
FNDA:0,safeAdd
FNDA:0,bitRol
FNDA:0,str2binl
FNDA:0,binl2str
FNDA:0,binl2hex
FNDA:0,binl2b64
DA:14,0
DA:15,0
DA:16,0
DA:22,0
DA:23,0
DA:24,0
DA:25,0
DA:26,0
DA:27,0
DA:33,0
DA:34,0
DA:35,0
DA:36,0
DA:37,0
DA:38,0
DA:46,0
DA:47,0
DA:49,0
DA:50,0
DA:51,0
DA:52,0
DA:54,0
DA:55,0
DA:56,0
DA:57,0
DA:58,0
DA:60,0
DA:61,0
DA:62,0
DA:63,0
DA:64,0
DA:65,0
DA:66,0
DA:67,0
DA:68,0
DA:69,0
DA:70,0
DA:71,0
DA:72,0
DA:73,0
DA:74,0
DA:75,0
DA:77,0
DA:78,0
DA:79,0
DA:80,0
DA:81,0
DA:82,0
DA:83,0
DA:84,0
DA:85,0
DA:86,0
DA:87,0
DA:88,0
DA:89,0
DA:90,0
DA:91,0
DA:92,0
DA:94,0
DA:95,0
DA:96,0
DA:97,0
DA:98,0
DA:99,0
DA:100,0
DA:101,0
DA:102,0
DA:103,0
DA:104,0
DA:105,0
DA:106,0
DA:107,0
DA:108,0
DA:109,0
DA:111,0
DA:112,0
DA:113,0
DA:114,0
DA:115,0
DA:116,0
DA:117,0
DA:118,0
DA:119,0
DA:120,0
DA:121,0
DA:122,0
DA:123,0
DA:124,0
DA:125,0
DA:126,0
DA:128,0
DA:129,0
DA:130,0
DA:131,0
DA:133,0
DA:140,0
DA:143,0
DA:146,0
DA:149,0
DA:152,0
DA:159,0
DA:160,0
DA:161,0
DA:162,0
DA:164,0
DA:165,0
DA:166,0
DA:167,0
DA:168,0
DA:171,0
DA:172,0
DA:180,0
DA:181,0
DA:182,0
DA:189,0
DA:197,0
DA:198,0
DA:199,0
DA:200,0
DA:201,0
DA:208,0
DA:209,0
DA:210,0
DA:211,0
DA:218,0
DA:219,0
DA:220,0
DA:221,0
DA:224,0
DA:231,0
DA:232,0
DA:233,0
DA:234,0
DA:237,0
DA:238,0
DA:239,0
DA:242,0
LF:137
LH:0
BRDA:159,0,0,0
BRDA:159,0,1,0
BRDA:160,1,0,0
BRDA:160,1,1,0
BRDA:162,2,0,0
BRDA:162,2,1,0
BRDA:197,3,0,0
BRDA:197,3,1,0
BRDA:218,4,0,0
BRDA:218,4,1,0
BRDA:238,5,0,0
BRDA:238,5,1,0
BRF:12
BRH:0
end_of_record
TN:
SF:/Users/xiaolin/IdeaProjects/MANAGE/src/components/layout/Layout.vue
FN:59,data
FN:83,created
FN:172,mounted
FN:173,(anonymous_5)
FN:174,(anonymous_6)
FN:185,(anonymous_7)
FN:186,(anonymous_8)
FN:188,destroyed
FN:189,(anonymous_10)
FN:190,(anonymous_11)
FN:193,onLogout
FN:210,onUserInfo
FN:217,beforeunloadHandler
FN:220,unloadHandler
FN:227,(anonymous_16)
FN:232,(anonymous_17)
FN:236,getData
FNF:17
FNH:0
FNDA:0,data
FNDA:0,created
FNDA:0,mounted
FNDA:0,(anonymous_5)
FNDA:0,(anonymous_6)
FNDA:0,(anonymous_7)
FNDA:0,(anonymous_8)
FNDA:0,destroyed
FNDA:0,(anonymous_10)
FNDA:0,(anonymous_11)
FNDA:0,onLogout
FNDA:0,onUserInfo
FNDA:0,beforeunloadHandler
FNDA:0,unloadHandler
FNDA:0,(anonymous_16)
FNDA:0,(anonymous_17)
FNDA:0,getData
DA:53,0
DA:54,0
DA:55,0
DA:56,0
DA:60,0
DA:84,0
DA:86,0
DA:87,0
DA:102,0
DA:103,0
DA:104,0
DA:106,0
DA:107,0
DA:108,0
DA:110,0
DA:111,0
DA:112,0
DA:113,0
DA:114,0
DA:115,0
DA:117,0
DA:118,0
DA:120,0
DA:122,0
DA:123,0
DA:127,0
DA:128,0
DA:129,0
DA:131,0
DA:132,0
DA:133,0
DA:134,0
DA:135,0
DA:137,0
DA:139,0
DA:140,0
DA:141,0
DA:142,0
DA:143,0
DA:144,0
DA:145,0
DA:146,0
DA:147,0
DA:148,0
DA:149,0
DA:154,0
DA:155,0
DA:157,0
DA:160,0
DA:163,0
DA:166,0
DA:169,0
DA:172,0
DA:173,0
DA:174,0
DA:175,0
DA:176,0
DA:177,0
DA:178,0
DA:181,0
DA:182,0
DA:183,0
DA:185,0
DA:186,0
DA:188,0
DA:189,0
DA:190,0
DA:194,0
DA:195,0
DA:196,0
DA:197,0
DA:198,0
DA:201,0
DA:202,0
DA:203,0
DA:204,0
DA:205,0
DA:211,0
DA:212,0
DA:213,0
DA:214,0
DA:215,0
DA:218,0
DA:221,0
DA:222,0
DA:223,0
DA:224,0
DA:227,0
DA:228,0
DA:229,0
DA:230,0
DA:233,0
DA:236,0
DA:237,0
DA:238,0
DA:239,0
DA:240,0
DA:241,0
DA:243,0
DA:244,0
DA:245,0
DA:246,0
DA:247,0
DA:248,0
DA:249,0
DA:250,0
DA:251,0
DA:252,0
DA:254,0
DA:255,0
DA:256,0
DA:258,0
DA:261,0
LF:113
LH:0
BRDA:110,0,0,0
BRDA:110,0,1,0
BRDA:111,1,0,0
BRDA:111,1,1,0
BRDA:117,2,0,0
BRDA:117,2,1,0
BRDA:117,3,0,0
BRDA:117,3,1,0
BRDA:131,4,0,0
BRDA:131,4,1,0
BRDA:132,5,0,0
BRDA:132,5,1,0
BRDA:140,6,0,0
BRDA:140,6,1,0
BRDA:143,7,0,0
BRDA:143,7,1,0
BRDA:144,8,0,0
BRDA:144,8,1,0
BRDA:145,9,0,0
BRDA:145,9,1,0
BRDA:154,10,0,0
BRDA:154,10,1,0
BRDA:154,11,0,0
BRDA:154,11,1,0
BRDA:194,12,0,0
BRDA:194,12,1,0
BRDA:202,13,0,0
BRDA:202,13,1,0
BRDA:203,14,0,0
BRDA:203,14,1,0
BRDA:229,15,0,0
BRDA:229,15,1,0
BRDA:236,16,0,0
BRDA:236,16,1,0
BRDA:238,17,0,0
BRDA:238,17,1,0
BRDA:238,18,0,0
BRDA:238,18,1,0
BRDA:240,19,0,0
BRDA:240,19,1,0
BRDA:255,20,0,0
BRDA:255,20,1,0
BRDA:255,21,0,0
BRDA:255,21,1,0
BRF:44
BRH:0
end_of_record
TN:
SF:/Users/xiaolin/IdeaProjects/MANAGE/src/components/layout/LayoutChild.vue
FN:17,data
FN:27,created
FN:39,mounted
FN:40,(anonymous_4)
FNF:4
FNH:0
FNDA:0,data
FNDA:0,created
FNDA:0,mounted
FNDA:0,(anonymous_4)
DA:18,0
DA:28,0
DA:29,0
DA:30,0
DA:31,0
DA:32,0
DA:33,0
DA:34,0
DA:35,0
DA:36,0
DA:37,0
DA:39,0
DA:40,0
DA:41,0
DA:42,0
DA:43,0
DA:44,0
DA:45,0
DA:46,0
DA:47,0
DA:48,0
DA:49,0
LF:22
LH:0
BRF:0
BRH:0
end_of_record
TN:
SF:/Users/xiaolin/IdeaProjects/MANAGE/src/components/login/Login.vue
FN:58,data
FN:87,mounted
FN:100,closeDialog
FN:108,getCode
FN:114,(anonymous_5)
FN:132,(anonymous_6)
FN:143,(anonymous_7)
FN:148,submitForm
FN:149,(anonymous_9)
FN:157,(anonymous_10)
FN:168,(anonymous_11)
FN:176,(anonymous_12)
FN:182,(anonymous_13)
FN:191,forgetPassword
FN:197,submit
FN:203,(anonymous_16)
FN:211,(anonymous_17)
FN:224,(anonymous_18)
FNF:18
FNH:0
FNDA:0,data
FNDA:0,mounted
FNDA:0,closeDialog
FNDA:0,getCode
FNDA:0,(anonymous_5)
FNDA:0,(anonymous_6)
FNDA:0,(anonymous_7)
FNDA:0,submitForm
FNDA:0,(anonymous_9)
FNDA:0,(anonymous_10)
FNDA:0,(anonymous_11)
FNDA:0,(anonymous_12)
FNDA:0,(anonymous_13)
FNDA:0,forgetPassword
FNDA:0,submit
FNDA:0,(anonymous_16)
FNDA:0,(anonymous_17)
FNDA:0,(anonymous_18)
DA:54,0
DA:55,0
DA:59,0
DA:88,0
DA:89,0
DA:90,0
DA:91,0
DA:92,0
DA:93,0
DA:94,0
DA:95,0
DA:97,0
DA:101,0
DA:102,0
DA:103,0
DA:104,0
DA:105,0
DA:106,0
DA:108,0
DA:109,0
DA:110,0
DA:111,0
DA:112,0
DA:113,0
DA:114,0
DA:115,0
DA:116,0
DA:118,0
DA:119,0
DA:120,0
DA:121,0
DA:126,0
DA:132,0
DA:133,0
DA:134,0
DA:137,0
DA:138,0
DA:139,0
DA:140,0
DA:141,0
DA:144,0
DA:145,0
DA:148,0
DA:149,0
DA:150,0
DA:151,0
DA:157,0
DA:158,0
DA:159,0
DA:161,0
DA:162,0
DA:164,0
DA:168,0
DA:169,0
DA:170,0
DA:171,0
DA:172,0
DA:174,0
DA:177,0
DA:180,0
DA:183,0
DA:186,0
DA:187,0
DA:192,0
DA:193,0
DA:194,0
DA:195,0
DA:197,0
DA:198,0
DA:203,0
DA:204,0
DA:205,0
DA:207,0
DA:208,0
DA:209,0
DA:211,0
DA:212,0
DA:213,0
DA:214,0
DA:215,0
DA:216,0
DA:217,0
DA:218,0
DA:219,0
DA:220,0
DA:222,0
DA:225,0
DA:227,0
DA:230,0
DA:231,0
LF:90
LH:0
BRDA:111,0,0,0
BRDA:111,0,1,0
BRDA:115,1,0,0
BRDA:115,1,1,0
BRDA:115,2,0,0
BRDA:115,2,1,0
BRDA:134,3,0,0
BRDA:134,3,1,0
BRDA:150,4,0,0
BRDA:150,4,1,0
BRDA:159,5,0,0
BRDA:159,5,1,0
BRDA:169,6,0,0
BRDA:169,6,1,0
BRDA:204,7,0,0
BRDA:204,7,1,0
BRDA:206,8,0,0
BRDA:208,9,0,0
BRDA:208,9,1,0
BRDA:213,10,0,0
BRDA:213,10,1,0
BRF:21
BRH:0
end_of_record
TN:
SF:/Users/xiaolin/IdeaProjects/MANAGE/src/components/pages/GoodsManagement/MyGoods.vue
FN:7,mounted
FNF:1
FNH:0
FNDA:0,mounted
LF:0
LH:0
BRF:0
BRH:0
end_of_record
TN:
SF:/Users/xiaolin/IdeaProjects/MANAGE/src/components/pages/SystemManagement/NodeManagement.vue
FN:79,data
FN:113,mounted
FN:120,created
FN:128,changeTableSort
FN:134,(anonymous_5)
FN:141,(anonymous_6)
FN:143,(anonymous_7)
FN:147,(anonymous_8)
FN:149,(anonymous_9)
FN:154,closeDialog
FN:158,handleSelect
FN:180,width
FN:187,tableHeaderColor
FN:192,dealTableData
FN:201,pageChange
FN:205,getData
FN:208,(anonymous_17)
FN:222,getTableData
FN:230,(anonymous_19)
FN:242,(anonymous_20)
FN:255,(anonymous_21)
FN:269,(anonymous_22)
FN:274,createInfor
FN:291,editline
FN:305,deleteline
FN:319,(anonymous_26)
FN:328,(anonymous_27)
FN:333,submit
FN:338,(anonymous_29)
FN:343,(anonymous_30)
FN:352,(anonymous_31)
FN:358,(anonymous_32)
FN:367,(anonymous_33)
FNF:33
FNH:0
FNDA:0,data
FNDA:0,mounted
FNDA:0,created
FNDA:0,changeTableSort
FNDA:0,(anonymous_5)
FNDA:0,(anonymous_6)
FNDA:0,(anonymous_7)
FNDA:0,(anonymous_8)
FNDA:0,(anonymous_9)
FNDA:0,closeDialog
FNDA:0,handleSelect
FNDA:0,width
FNDA:0,tableHeaderColor
FNDA:0,dealTableData
FNDA:0,pageChange
FNDA:0,getData
FNDA:0,(anonymous_17)
FNDA:0,getTableData
FNDA:0,(anonymous_19)
FNDA:0,(anonymous_20)
FNDA:0,(anonymous_21)
FNDA:0,(anonymous_22)
FNDA:0,createInfor
FNDA:0,editline
FNDA:0,deleteline
FNDA:0,(anonymous_26)
FNDA:0,(anonymous_27)
FNDA:0,submit
FNDA:0,(anonymous_29)
FNDA:0,(anonymous_30)
FNDA:0,(anonymous_31)
FNDA:0,(anonymous_32)
FNDA:0,(anonymous_33)
DA:76,0
DA:79,0
DA:114,0
DA:115,0
DA:116,0
DA:118,0
DA:121,0
DA:122,0
DA:123,0
DA:124,0
DA:125,0
DA:128,0
DA:129,0
DA:130,0
DA:131,0
DA:133,0
DA:134,0
DA:135,0
DA:139,0
DA:140,0
DA:141,0
DA:143,0
DA:146,0
DA:147,0
DA:149,0
DA:152,0
DA:155,0
DA:156,0
DA:159,0
DA:160,0
DA:161,0
DA:162,0
DA:163,0
DA:164,0
DA:165,0
DA:166,0
DA:167,0
DA:168,0
DA:169,0
DA:170,0
DA:171,0
DA:172,0
DA:174,0
DA:175,0
DA:177,0
DA:181,0
DA:182,0
DA:184,0
DA:185,0
DA:187,0
DA:188,0
DA:189,0
DA:193,0
DA:194,0
DA:197,0
DA:202,0
DA:203,0
DA:205,0
DA:206,0
DA:207,0
DA:208,0
DA:210,0
DA:211,0
DA:212,0
DA:213,0
DA:214,0
DA:215,0
DA:216,0
DA:220,0
DA:222,0
DA:223,0
DA:230,0
DA:231,0
DA:232,0
DA:233,0
DA:234,0
DA:236,0
DA:238,0
DA:240,0
DA:243,0
DA:246,0
DA:247,0
DA:248,0
DA:249,0
DA:255,0
DA:256,0
DA:257,0
DA:258,0
DA:259,0
DA:261,0
DA:265,0
DA:267,0
DA:270,0
DA:272,0
DA:275,0
DA:276,0
DA:277,0
DA:279,0
DA:280,0
DA:281,0
DA:283,0
DA:284,0
DA:285,0
DA:287,0
DA:288,0
DA:289,0
DA:292,0
DA:293,0
DA:294,0
DA:296,0
DA:297,0
DA:298,0
DA:300,0
DA:301,0
DA:302,0
DA:303,0
DA:305,0
DA:306,0
DA:307,0
DA:308,0
DA:310,0
DA:311,0
DA:312,0
DA:314,0
DA:315,0
DA:318,0
DA:319,0
DA:320,0
DA:321,0
DA:322,0
DA:323,0
DA:324,0
DA:326,0
DA:329,0
DA:333,0
DA:334,0
DA:338,0
DA:339,0
DA:340,0
DA:342,0
DA:343,0
DA:344,0
DA:345,0
DA:346,0
DA:347,0
DA:348,0
DA:350,0
DA:353,0
DA:355,0
DA:357,0
DA:358,0
DA:359,0
DA:360,0
DA:361,0
DA:362,0
DA:363,0
DA:365,0
DA:368,0
DA:370,0
DA:373,0
DA:374,0
LF:161
LH:0
BRDA:114,0,0,0
BRDA:114,0,1,0
BRDA:133,1,0,0
BRDA:133,1,1,0
BRDA:139,2,0,0
BRDA:139,2,1,0
BRDA:140,3,0,0
BRDA:140,3,1,0
BRDA:146,4,0,0
BRDA:146,4,1,0
BRDA:164,5,0,0
BRDA:164,5,1,0
BRDA:181,6,0,0
BRDA:181,6,1,0
BRDA:188,7,0,0
BRDA:188,7,1,0
BRDA:205,8,0,0
BRDA:205,8,1,0
BRDA:207,9,0,0
BRDA:207,9,1,0
BRDA:207,10,0,0
BRDA:207,10,1,0
BRDA:232,11,0,0
BRDA:232,11,1,0
BRDA:233,12,0,0
BRDA:233,12,1,0
BRDA:257,13,0,0
BRDA:257,13,1,0
BRDA:258,14,0,0
BRDA:258,14,1,0
BRDA:275,15,0,0
BRDA:275,15,1,0
BRDA:279,16,0,0
BRDA:279,16,1,0
BRDA:283,17,0,0
BRDA:283,17,1,0
BRDA:292,18,0,0
BRDA:292,18,1,0
BRDA:296,19,0,0
BRDA:296,19,1,0
BRDA:296,20,0,0
BRDA:296,20,1,0
BRDA:306,21,0,0
BRDA:306,21,1,0
BRDA:310,22,0,0
BRDA:310,22,1,0
BRDA:310,23,0,0
BRDA:310,23,1,0
BRDA:314,24,0,0
BRDA:314,24,1,0
BRDA:321,25,0,0
BRDA:321,25,1,0
BRDA:339,26,0,0
BRDA:339,26,1,0
BRDA:341,27,0,0
BRDA:341,27,1,0
BRDA:345,28,0,0
BRDA:345,28,1,0
BRDA:360,29,0,0
BRDA:360,29,1,0
BRF:60
BRH:0
end_of_record
TN:
SF:/Users/xiaolin/IdeaProjects/MANAGE/src/components/pages/SystemManagement/RoleControl.vue
FN:78,data
FN:107,mounted
FN:114,created
FN:121,getData
FN:140,handleCurrentChange
FN:143,changeTableSort
FN:149,(anonymous_8)
FN:156,(anonymous_9)
FN:158,(anonymous_10)
FN:162,(anonymous_11)
FN:164,(anonymous_12)
FN:169,closeDialog
FN:174,width
FN:181,tableHeaderColor
FN:186,dealTableData
FN:195,pageChange
FN:199,getTableData
FN:214,(anonymous_19)
FN:228,(anonymous_20)
FN:233,editline
FN:252,(anonymous_22)
FN:270,(anonymous_23)
FN:274,submit
FN:293,(anonymous_25)
FN:297,(anonymous_26)
FN:306,(anonymous_27)
FNF:26
FNH:0
FNDA:0,data
FNDA:0,mounted
FNDA:0,created
FNDA:0,getData
FNDA:0,handleCurrentChange
FNDA:0,changeTableSort
FNDA:0,(anonymous_8)
FNDA:0,(anonymous_9)
FNDA:0,(anonymous_10)
FNDA:0,(anonymous_11)
FNDA:0,(anonymous_12)
FNDA:0,closeDialog
FNDA:0,width
FNDA:0,tableHeaderColor
FNDA:0,dealTableData
FNDA:0,pageChange
FNDA:0,getTableData
FNDA:0,(anonymous_19)
FNDA:0,(anonymous_20)
FNDA:0,editline
FNDA:0,(anonymous_22)
FNDA:0,(anonymous_23)
FNDA:0,submit
FNDA:0,(anonymous_25)
FNDA:0,(anonymous_26)
FNDA:0,(anonymous_27)
DA:72,0
DA:73,0
DA:74,0
DA:79,0
DA:108,0
DA:109,0
DA:110,0
DA:112,0
DA:115,0
DA:116,0
DA:117,0
DA:118,0
DA:121,0
DA:122,0
DA:123,0
DA:124,0
DA:125,0
DA:126,0
DA:127,0
DA:128,0
DA:129,0
DA:130,0
DA:131,0
DA:134,0
DA:135,0
DA:138,0
DA:141,0
DA:143,0
DA:144,0
DA:145,0
DA:146,0
DA:148,0
DA:149,0
DA:150,0
DA:154,0
DA:155,0
DA:156,0
DA:158,0
DA:161,0
DA:162,0
DA:164,0
DA:167,0
DA:170,0
DA:171,0
DA:172,0
DA:175,0
DA:176,0
DA:178,0
DA:179,0
DA:181,0
DA:182,0
DA:183,0
DA:187,0
DA:188,0
DA:191,0
DA:196,0
DA:197,0
DA:199,0
DA:200,0
DA:206,0
DA:207,0
DA:208,0
DA:209,0
DA:214,0
DA:215,0
DA:216,0
DA:217,0
DA:218,0
DA:220,0
DA:224,0
DA:226,0
DA:229,0
DA:231,0
DA:233,0
DA:234,0
DA:235,0
DA:236,0
DA:237,0
DA:239,0
DA:240,0
DA:241,0
DA:243,0
DA:244,0
DA:245,0
DA:248,0
DA:252,0
DA:253,0
DA:254,0
DA:255,0
DA:256,0
DA:257,0
DA:258,0
DA:259,0
DA:260,0
DA:262,0
DA:265,0
DA:266,0
DA:268,0
DA:271,0
DA:274,0
DA:275,0
DA:276,0
DA:277,0
DA:278,0
DA:279,0
DA:280,0
DA:281,0
DA:283,0
DA:284,0
DA:285,0
DA:286,0
DA:287,0
DA:289,0
DA:293,0
DA:294,0
DA:295,0
DA:297,0
DA:298,0
DA:299,0
DA:300,0
DA:301,0
DA:302,0
DA:304,0
DA:307,0
DA:309,0
DA:312,0
DA:313,0
LF:127
LH:0
BRDA:108,0,0,0
BRDA:108,0,1,0
BRDA:121,1,0,0
BRDA:121,1,1,0
BRDA:123,2,0,0
BRDA:123,2,1,0
BRDA:123,3,0,0
BRDA:123,3,1,0
BRDA:129,4,0,0
BRDA:129,4,1,0
BRDA:130,5,0,0
BRDA:130,5,1,0
BRDA:148,6,0,0
BRDA:148,6,1,0
BRDA:154,7,0,0
BRDA:154,7,1,0
BRDA:155,8,0,0
BRDA:155,8,1,0
BRDA:161,9,0,0
BRDA:161,9,1,0
BRDA:175,10,0,0
BRDA:175,10,1,0
BRDA:182,11,0,0
BRDA:182,11,1,0
BRDA:216,12,0,0
BRDA:216,12,1,0
BRDA:217,13,0,0
BRDA:217,13,1,0
BRDA:235,14,0,0
BRDA:235,14,1,0
BRDA:235,15,0,0
BRDA:235,15,1,0
BRDA:243,16,0,0
BRDA:243,16,1,0
BRDA:254,17,0,0
BRDA:254,17,1,0
BRDA:256,18,0,0
BRDA:256,18,1,0
BRDA:257,19,0,0
BRDA:257,19,1,0
BRDA:279,20,0,0
BRDA:279,20,1,0
BRDA:294,21,0,0
BRDA:294,21,1,0
BRDA:296,22,0,0
BRDA:299,23,0,0
BRDA:299,23,1,0
BRF:47
BRH:0
end_of_record
TN:
SF:/Users/xiaolin/IdeaProjects/MANAGE/src/components/pages/SystemManagement/RoleManagement.vue
FN:20,data
FN:38,mounted
FN:45,dealTableData
FN:54,sleep
FN:55,(anonymous_6)
FN:59,getTableData
FN:74,(anonymous_8)
FN:88,(anonymous_9)
FN:93,pageChange
FN:98,createInfor
FN:102,(anonymous_12)
FN:111,(anonymous_13)
FN:115,deleteline
FN:122,(anonymous_15)
FN:131,(anonymous_16)
FN:135,editline
FN:138,(anonymous_18)
FN:147,(anonymous_19)
FNF:18
FNH:0
FNDA:0,data
FNDA:0,mounted
FNDA:0,dealTableData
FNDA:0,sleep
FNDA:0,(anonymous_6)
FNDA:0,getTableData
FNDA:0,(anonymous_8)
FNDA:0,(anonymous_9)
FNDA:0,pageChange
FNDA:0,createInfor
FNDA:0,(anonymous_12)
FNDA:0,(anonymous_13)
FNDA:0,deleteline
FNDA:0,(anonymous_15)
FNDA:0,(anonymous_16)
FNDA:0,editline
FNDA:0,(anonymous_18)
FNDA:0,(anonymous_19)
DA:12,0
DA:13,0
DA:20,0
DA:39,0
DA:40,0
DA:41,0
DA:46,0
DA:47,0
DA:50,0
DA:55,0
DA:59,0
DA:60,0
DA:66,0
DA:67,0
DA:68,0
DA:69,0
DA:74,0
DA:75,0
DA:76,0
DA:77,0
DA:78,0
DA:80,0
DA:84,0
DA:86,0
DA:89,0
DA:91,0
DA:94,0
DA:95,0
DA:96,0
DA:98,0
DA:99,0
DA:100,0
DA:102,0
DA:103,0
DA:104,0
DA:105,0
DA:106,0
DA:107,0
DA:109,0
DA:112,0
DA:115,0
DA:116,0
DA:117,0
DA:118,0
DA:119,0
DA:120,0
DA:122,0
DA:123,0
DA:124,0
DA:125,0
DA:126,0
DA:127,0
DA:129,0
DA:132,0
DA:135,0
DA:136,0
DA:137,0
DA:138,0
DA:139,0
DA:140,0
DA:141,0
DA:142,0
DA:143,0
DA:145,0
DA:148,0
LF:65
LH:0
BRDA:39,0,0,0
BRDA:39,0,1,0
BRDA:76,1,0,0
BRDA:76,1,1,0
BRDA:77,2,0,0
BRDA:77,2,1,0
BRDA:104,3,0,0
BRDA:104,3,1,0
BRDA:118,4,0,0
BRDA:118,4,1,0
BRDA:118,5,0,0
BRDA:118,5,1,0
BRDA:124,6,0,0
BRDA:124,6,1,0
BRDA:140,7,0,0
BRDA:140,7,1,0
BRF:16
BRH:0
end_of_record
TN:
SF:/Users/xiaolin/IdeaProjects/MANAGE/src/components/pages/SystemManagement/RoleManagementPage.vue
FN:77,data
FN:90,created
FN:94,mounted
FN:98,closeDialog
FN:102,changeTableSort
FN:108,(anonymous_6)
FN:115,(anonymous_7)
FN:117,(anonymous_8)
FN:121,(anonymous_9)
FN:123,(anonymous_10)
FN:128,width
FN:135,tableHeaderColor
FN:140,handleCurrentChange
FN:143,pageChange
FN:146,createInfor
FN:152,(anonymous_16)
FN:159,(anonymous_17)
FN:165,editline
FN:177,deleteline
FN:195,submit
FN:205,(anonymous_21)
FNF:21
FNH:0
FNDA:0,data
FNDA:0,created
FNDA:0,mounted
FNDA:0,closeDialog
FNDA:0,changeTableSort
FNDA:0,(anonymous_6)
FNDA:0,(anonymous_7)
FNDA:0,(anonymous_8)
FNDA:0,(anonymous_9)
FNDA:0,(anonymous_10)
FNDA:0,width
FNDA:0,tableHeaderColor
FNDA:0,handleCurrentChange
FNDA:0,pageChange
FNDA:0,createInfor
FNDA:0,(anonymous_16)
FNDA:0,(anonymous_17)
FNDA:0,editline
FNDA:0,deleteline
FNDA:0,submit
FNDA:0,(anonymous_21)
DA:71,0
DA:78,0
DA:91,0
DA:92,0
DA:95,0
DA:99,0
DA:100,0
DA:102,0
DA:103,0
DA:104,0
DA:105,0
DA:107,0
DA:108,0
DA:109,0
DA:113,0
DA:114,0
DA:115,0
DA:117,0
DA:120,0
DA:121,0
DA:123,0
DA:126,0
DA:129,0
DA:130,0
DA:132,0
DA:133,0
DA:135,0
DA:136,0
DA:137,0
DA:141,0
DA:144,0
DA:146,0
DA:147,0
DA:152,0
DA:153,0
DA:154,0
DA:155,0
DA:157,0
DA:160,0
DA:162,0
DA:163,0
DA:166,0
DA:167,0
DA:168,0
DA:169,0
DA:171,0
DA:172,0
DA:173,0
DA:174,0
DA:175,0
DA:178,0
DA:179,0
DA:180,0
DA:181,0
DA:183,0
DA:184,0
DA:189,0
DA:190,0
DA:191,0
DA:192,0
DA:195,0
DA:196,0
DA:201,0
DA:202,0
DA:203,0
DA:205,0
DA:206,0
DA:207,0
DA:209,0
DA:210,0
DA:212,0
DA:213,0
DA:216,0
DA:217,0
LF:74
LH:0
BRDA:107,0,0,0
BRDA:107,0,1,0
BRDA:113,1,0,0
BRDA:113,1,1,0
BRDA:114,2,0,0
BRDA:114,2,1,0
BRDA:120,3,0,0
BRDA:120,3,1,0
BRDA:129,4,0,0
BRDA:129,4,1,0
BRDA:136,5,0,0
BRDA:136,5,1,0
BRDA:154,6,0,0
BRDA:154,6,1,0
BRDA:167,7,0,0
BRDA:167,7,1,0
BRDA:167,8,0,0
BRDA:167,8,1,0
BRDA:179,9,0,0
BRDA:179,9,1,0
BRDA:179,10,0,0
BRDA:179,10,1,0
BRDA:183,11,0,0
BRDA:183,11,1,0
BRDA:206,12,0,0
BRDA:206,12,1,0
BRDA:208,13,0,0
BRDA:208,13,1,0
BRF:28
BRH:0
end_of_record
TN:
SF:/Users/xiaolin/IdeaProjects/MANAGE/src/components/pages/SystemManagement/UserManagement.vue
FN:197,data
FN:254,mounted
FN:262,created
FN:275,handleCurrentChange
FN:279,handleBeforeUpload
FN:287,beforeAvatarUpload
FN:295,onProgress
FN:298,imgSuccess
FN:324,imgError
FN:329,handlePictureCardPreview
FN:334,handleRemove
FN:338,(anonymous_13)
FN:349,(anonymous_14)
FN:353,getCode
FN:368,(anonymous_16)
FN:386,(anonymous_17)
FN:397,(anonymous_18)
FN:402,selectAll
FN:405,(anonymous_20)
FN:413,changeSelect
FN:417,(anonymous_22)
FN:422,removeTag
FN:427,selectAll2
FN:430,(anonymous_25)
FN:438,changeSelect2
FN:442,(anonymous_27)
FN:447,removeTag2
FN:452,searchUser
FN:485,(anonymous_30)
FN:497,(anonymous_31)
FN:502,resetPasswd
FN:512,(anonymous_33)
FN:520,(anonymous_34)
FN:525,changeTableSort
FN:531,(anonymous_36)
FN:538,(anonymous_37)
FN:540,(anonymous_38)
FN:544,(anonymous_39)
FN:546,(anonymous_40)
FN:550,(anonymous_41)
FN:552,(anonymous_42)
FN:556,(anonymous_43)
FN:558,(anonymous_44)
FN:562,(anonymous_45)
FN:564,(anonymous_46)
FN:568,(anonymous_47)
FN:570,(anonymous_48)
FN:574,(anonymous_49)
FN:576,(anonymous_50)
FN:580,(anonymous_51)
FN:582,(anonymous_52)
FN:587,closeDialog
FN:609,handleSelect
FN:631,width
FN:638,tableHeaderColor
FN:643,dealTableData
FN:661,pageChange
FN:665,getData
FN:668,(anonymous_60)
FN:682,getTableData
FN:690,(anonymous_62)
FN:702,(anonymous_63)
FN:706,(anonymous_64)
FN:716,(anonymous_65)
FN:739,(anonymous_66)
FN:753,(anonymous_67)
FN:758,createInfor
FN:759,(anonymous_69)
FN:769,(anonymous_70)
FN:776,editline
FN:788,(anonymous_72)
FN:816,deleteline
FN:831,(anonymous_74)
FN:839,(anonymous_75)
FN:844,submit
FN:855,(anonymous_77)
FN:863,(anonymous_78)
FN:877,(anonymous_79)
FN:886,(anonymous_80)
FN:900,(anonymous_81)
FNF:80
FNH:0
FNDA:0,data
FNDA:0,mounted
FNDA:0,created
FNDA:0,handleCurrentChange
FNDA:0,handleBeforeUpload
FNDA:0,beforeAvatarUpload
FNDA:0,onProgress
FNDA:0,imgSuccess
FNDA:0,imgError
FNDA:0,handlePictureCardPreview
FNDA:0,handleRemove
FNDA:0,(anonymous_13)
FNDA:0,(anonymous_14)
FNDA:0,getCode
FNDA:0,(anonymous_16)
FNDA:0,(anonymous_17)
FNDA:0,(anonymous_18)
FNDA:0,selectAll
FNDA:0,(anonymous_20)
FNDA:0,changeSelect
FNDA:0,(anonymous_22)
FNDA:0,removeTag
FNDA:0,selectAll2
FNDA:0,(anonymous_25)
FNDA:0,changeSelect2
FNDA:0,(anonymous_27)
FNDA:0,removeTag2
FNDA:0,searchUser
FNDA:0,(anonymous_30)
FNDA:0,(anonymous_31)
FNDA:0,resetPasswd
FNDA:0,(anonymous_33)
FNDA:0,(anonymous_34)
FNDA:0,changeTableSort
FNDA:0,(anonymous_36)
FNDA:0,(anonymous_37)
FNDA:0,(anonymous_38)
FNDA:0,(anonymous_39)
FNDA:0,(anonymous_40)
FNDA:0,(anonymous_41)
FNDA:0,(anonymous_42)
FNDA:0,(anonymous_43)
FNDA:0,(anonymous_44)
FNDA:0,(anonymous_45)
FNDA:0,(anonymous_46)
FNDA:0,(anonymous_47)
FNDA:0,(anonymous_48)
FNDA:0,(anonymous_49)
FNDA:0,(anonymous_50)
FNDA:0,(anonymous_51)
FNDA:0,(anonymous_52)
FNDA:0,closeDialog
FNDA:0,handleSelect
FNDA:0,width
FNDA:0,tableHeaderColor
FNDA:0,dealTableData
FNDA:0,pageChange
FNDA:0,getData
FNDA:0,(anonymous_60)
FNDA:0,getTableData
FNDA:0,(anonymous_62)
FNDA:0,(anonymous_63)
FNDA:0,(anonymous_64)
FNDA:0,(anonymous_65)
FNDA:0,(anonymous_66)
FNDA:0,(anonymous_67)
FNDA:0,createInfor
FNDA:0,(anonymous_69)
FNDA:0,(anonymous_70)
FNDA:0,editline
FNDA:0,(anonymous_72)
FNDA:0,deleteline
FNDA:0,(anonymous_74)
FNDA:0,(anonymous_75)
FNDA:0,submit
FNDA:0,(anonymous_77)
FNDA:0,(anonymous_78)
FNDA:0,(anonymous_79)
FNDA:0,(anonymous_80)
FNDA:0,(anonymous_81)
DA:191,0
DA:192,0
DA:193,0
DA:198,0
DA:255,0
DA:256,0
DA:257,0
DA:259,0
DA:260,0
DA:263,0
DA:264,0
DA:265,0
DA:266,0
DA:267,0
DA:268,0
DA:269,0
DA:270,0
DA:271,0
DA:272,0
DA:276,0
DA:280,0
DA:281,0
DA:288,0
DA:290,0
DA:291,0
DA:293,0
DA:296,0
DA:299,0
DA:300,0
DA:301,0
DA:302,0
DA:303,0
DA:304,0
DA:305,0
DA:306,0
DA:307,0
DA:308,0
DA:309,0
DA:310,0
DA:311,0
DA:312,0
DA:313,0
DA:314,0
DA:315,0
DA:317,0
DA:318,0
DA:319,0
DA:320,0
DA:325,0
DA:326,0
DA:330,0
DA:331,0
DA:334,0
DA:335,0
DA:338,0
DA:339,0
DA:340,0
DA:341,0
DA:342,0
DA:343,0
DA:344,0
DA:345,0
DA:347,0
DA:350,0
DA:353,0
DA:354,0
DA:355,0
DA:356,0
DA:358,0
DA:359,0
DA:360,0
DA:361,0
DA:363,0
DA:364,0
DA:365,0
DA:366,0
DA:367,0
DA:368,0
DA:369,0
DA:370,0
DA:372,0
DA:373,0
DA:374,0
DA:375,0
DA:380,0
DA:386,0
DA:387,0
DA:388,0
DA:391,0
DA:392,0
DA:393,0
DA:394,0
DA:395,0
DA:398,0
DA:399,0
DA:402,0
DA:403,0
DA:404,0
DA:405,0
DA:406,0
DA:408,0
DA:410,0
DA:414,0
DA:415,0
DA:416,0
DA:417,0
DA:418,0
DA:423,0
DA:424,0
DA:427,0
DA:428,0
DA:429,0
DA:430,0
DA:431,0
DA:433,0
DA:435,0
DA:439,0
DA:440,0
DA:441,0
DA:442,0
DA:443,0
DA:448,0
DA:449,0
DA:452,0
DA:453,0
DA:454,0
DA:455,0
DA:456,0
DA:457,0
DA:459,0
DA:466,0
DA:467,0
DA:468,0
DA:470,0
DA:485,0
DA:486,0
DA:487,0
DA:488,0
DA:489,0
DA:493,0
DA:495,0
DA:498,0
DA:500,0
DA:502,0
DA:503,0
DA:504,0
DA:505,0
DA:506,0
DA:508,0
DA:509,0
DA:512,0
DA:513,0
DA:514,0
DA:515,0
DA:516,0
DA:518,0
DA:521,0
DA:525,0
DA:526,0
DA:527,0
DA:528,0
DA:530,0
DA:531,0
DA:532,0
DA:536,0
DA:537,0
DA:538,0
DA:540,0
DA:542,0
DA:543,0
DA:544,0
DA:546,0
DA:548,0
DA:549,0
DA:550,0
DA:552,0
DA:554,0
DA:555,0
DA:556,0
DA:558,0
DA:560,0
DA:561,0
DA:562,0
DA:564,0
DA:566,0
DA:567,0
DA:568,0
DA:570,0
DA:572,0
DA:573,0
DA:574,0
DA:576,0
DA:579,0
DA:580,0
DA:582,0
DA:585,0
DA:588,0
DA:589,0
DA:590,0
DA:591,0
DA:592,0
DA:593,0
DA:594,0
DA:595,0
DA:596,0
DA:597,0
DA:598,0
DA:599,0
DA:600,0
DA:601,0
DA:602,0
DA:603,0
DA:604,0
DA:605,0
DA:606,0
DA:607,0
DA:610,0
DA:611,0
DA:612,0
DA:613,0
DA:614,0
DA:615,0
DA:616,0
DA:617,0
DA:618,0
DA:619,0
DA:620,0
DA:621,0
DA:622,0
DA:623,0
DA:625,0
DA:626,0
DA:628,0
DA:632,0
DA:633,0
DA:635,0
DA:636,0
DA:638,0
DA:639,0
DA:640,0
DA:644,0
DA:645,0
DA:657,0
DA:662,0
DA:663,0
DA:665,0
DA:666,0
DA:667,0
DA:668,0
DA:670,0
DA:671,0
DA:672,0
DA:673,0
DA:674,0
DA:676,0
DA:680,0
DA:682,0
DA:683,0
DA:690,0
DA:691,0
DA:692,0
DA:693,0
DA:694,0
DA:696,0
DA:698,0
DA:700,0
DA:703,0
DA:706,0
DA:707,0
DA:708,0
DA:709,0
DA:710,0
DA:712,0
DA:714,0
DA:717,0
DA:720,0
DA:721,0
DA:722,0
DA:724,0
DA:739,0
DA:740,0
DA:741,0
DA:742,0
DA:743,0
DA:745,0
DA:749,0
DA:751,0
DA:754,0
DA:756,0
DA:758,0
DA:759,0
DA:760,0
DA:761,0
DA:762,0
DA:763,0
DA:764,0
DA:765,0
DA:767,0
DA:770,0
DA:772,0
DA:773,0
DA:774,0
DA:776,0
DA:777,0
DA:778,0
DA:779,0
DA:780,0
DA:782,0
DA:783,0
DA:784,0
DA:785,0
DA:786,0
DA:787,0
DA:788,0
DA:789,0
DA:790,0
DA:792,0
DA:795,0
DA:796,0
DA:797,0
DA:798,0
DA:799,0
DA:800,0
DA:801,0
DA:802,0
DA:803,0
DA:805,0
DA:806,0
DA:808,0
DA:810,0
DA:811,0
DA:813,0
DA:814,0
DA:816,0
DA:817,0
DA:818,0
DA:819,0
DA:820,0
DA:823,0
DA:824,0
DA:825,0
DA:827,0
DA:828,0
DA:831,0
DA:832,0
DA:833,0
DA:834,0
DA:835,0
DA:837,0
DA:840,0
DA:844,0
DA:845,0
DA:855,0
DA:856,0
DA:857,0
DA:859,0
DA:860,0
DA:861,0
DA:863,0
DA:864,0
DA:865,0
DA:866,0
DA:867,0
DA:868,0
DA:869,0
DA:870,0
DA:871,0
DA:872,0
DA:873,0
DA:875,0
DA:878,0
DA:880,0
DA:882,0
DA:883,0
DA:884,0
DA:886,0
DA:887,0
DA:888,0
DA:889,0
DA:890,0
DA:891,0
DA:892,0
DA:893,0
DA:894,0
DA:895,0
DA:896,0
DA:898,0
DA:901,0
DA:903,0
DA:906,0
DA:907,0
LF:391
LH:0
BRDA:255,0,0,0
BRDA:255,0,1,0
BRDA:280,1,0,0
BRDA:280,1,1,0
BRDA:280,2,0,0
BRDA:280,2,1,0
BRDA:280,2,2,0
BRDA:280,2,3,0
BRDA:290,3,0,0
BRDA:290,3,1,0
BRDA:302,4,0,0
BRDA:302,4,1,0
BRDA:311,5,0,0
BRDA:311,5,1,0
BRDA:340,6,0,0
BRDA:340,6,1,0
BRDA:354,7,0,0
BRDA:354,7,1,0
BRDA:359,8,0,0
BRDA:359,8,1,0
BRDA:365,9,0,0
BRDA:365,9,1,0
BRDA:369,10,0,0
BRDA:369,10,1,0
BRDA:369,11,0,0
BRDA:369,11,1,0
BRDA:388,12,0,0
BRDA:388,12,1,0
BRDA:403,13,0,0
BRDA:403,13,1,0
BRDA:414,14,0,0
BRDA:414,14,1,0
BRDA:414,15,0,0
BRDA:414,15,1,0
BRDA:416,16,0,0
BRDA:416,16,1,0
BRDA:416,17,0,0
BRDA:416,17,1,0
BRDA:423,18,0,0
BRDA:423,18,1,0
BRDA:428,19,0,0
BRDA:428,19,1,0
BRDA:439,20,0,0
BRDA:439,20,1,0
BRDA:439,21,0,0
BRDA:439,21,1,0
BRDA:441,22,0,0
BRDA:441,22,1,0
BRDA:441,23,0,0
BRDA:441,23,1,0
BRDA:448,24,0,0
BRDA:448,24,1,0
BRDA:487,25,0,0
BRDA:487,25,1,0
BRDA:504,26,0,0
BRDA:504,26,1,0
BRDA:504,27,0,0
BRDA:504,27,1,0
BRDA:508,28,0,0
BRDA:508,28,1,0
BRDA:514,29,0,0
BRDA:514,29,1,0
BRDA:530,30,0,0
BRDA:530,30,1,0
BRDA:536,31,0,0
BRDA:536,31,1,0
BRDA:537,32,0,0
BRDA:537,32,1,0
BRDA:542,33,0,0
BRDA:542,33,1,0
BRDA:543,34,0,0
BRDA:543,34,1,0
BRDA:548,35,0,0
BRDA:548,35,1,0
BRDA:549,36,0,0
BRDA:549,36,1,0
BRDA:554,37,0,0
BRDA:554,37,1,0
BRDA:555,38,0,0
BRDA:555,38,1,0
BRDA:560,39,0,0
BRDA:560,39,1,0
BRDA:561,40,0,0
BRDA:561,40,1,0
BRDA:566,41,0,0
BRDA:566,41,1,0
BRDA:567,42,0,0
BRDA:567,42,1,0
BRDA:572,43,0,0
BRDA:572,43,1,0
BRDA:573,44,0,0
BRDA:573,44,1,0
BRDA:579,45,0,0
BRDA:579,45,1,0
BRDA:615,46,0,0
BRDA:615,46,1,0
BRDA:632,47,0,0
BRDA:632,47,1,0
BRDA:639,48,0,0
BRDA:639,48,1,0
BRDA:665,49,0,0
BRDA:665,49,1,0
BRDA:667,50,0,0
BRDA:667,50,1,0
BRDA:667,51,0,0
BRDA:667,51,1,0
BRDA:673,52,0,0
BRDA:673,52,1,0
BRDA:692,53,0,0
BRDA:692,53,1,0
BRDA:693,54,0,0
BRDA:693,54,1,0
BRDA:708,55,0,0
BRDA:708,55,1,0
BRDA:709,56,0,0
BRDA:709,56,1,0
BRDA:741,57,0,0
BRDA:741,57,1,0
BRDA:742,58,0,0
BRDA:742,58,1,0
BRDA:761,59,0,0
BRDA:761,59,1,0
BRDA:778,60,0,0
BRDA:778,60,1,0
BRDA:778,61,0,0
BRDA:778,61,1,0
BRDA:789,62,0,0
BRDA:789,62,1,0
BRDA:796,63,0,0
BRDA:796,63,1,0
BRDA:796,64,0,0
BRDA:796,64,1,0
BRDA:818,65,0,0
BRDA:818,65,1,0
BRDA:818,66,0,0
BRDA:818,66,1,0
BRDA:823,67,0,0
BRDA:823,67,1,0
BRDA:827,68,0,0
BRDA:827,68,1,0
BRDA:833,69,0,0
BRDA:833,69,1,0
BRDA:856,70,0,0
BRDA:856,70,1,0
BRDA:858,71,0,0
BRDA:858,71,1,0
BRDA:860,72,0,0
BRDA:860,72,1,0
BRDA:865,73,0,0
BRDA:865,73,1,0
BRDA:883,74,0,0
BRDA:883,74,1,0
BRDA:888,75,0,0
BRDA:888,75,1,0
BRF:154
BRH:0
end_of_record
TN:
SF:/Users/xiaolin/IdeaProjects/MANAGE/src/components/treeMenu/threeMenu.vue
FN:23,data
FN:27,goPath
FNF:2
FNH:0
FNDA:0,data
FNDA:0,goPath
DA:24,0
DA:29,0
DA:30,0
DA:31,0
DA:32,0
DA:33,0
LF:6
LH:0
BRF:0
BRH:0
end_of_record
TN:
SF:/Users/xiaolin/IdeaProjects/MANAGE/src/components/treeMenu/treeMenu.vue
FN:42,data
FN:50,isFolder
FN:55,toggle
FNF:3
FNH:0
FNDA:0,data
FNDA:0,isFolder
FNDA:0,toggle
DA:43,0
DA:51,0
DA:56,0
DA:57,0
LF:4
LH:0
BRDA:51,0,0,0
BRDA:51,0,1,0
BRDA:56,1,0,0
BRDA:56,1,1,0
BRF:4
BRH:0
end_of_record
